{
  "numTotalTestSuites": 2,
  "numPassedTestSuites": 2,
  "numFailedTestSuites": 0,
  "numPendingTestSuites": 0,
  "numTotalTests": 1,
  "numPassedTests": 1,
  "numFailedTests": 0,
  "numPendingTests": 0,
  "numTodoTests": 0,
  "snapshot": {
    "added": 0,
    "failure": false,
    "filesAdded": 0,
    "filesRemoved": 0,
    "filesRemovedList": [],
    "filesUnmatched": 0,
    "filesUpdated": 0,
    "matched": 0,
    "total": 0,
    "unchecked": 0,
    "uncheckedKeysByFile": [],
    "unmatched": 0,
    "updated": 0,
    "didUpdate": false
  },
  "startTime": 1788133219377,
  "success": true,
  "testResults": [
    {
      "assertionResults": [
        {
          "ancestorTitles": [
            "isolated DSH profile evidence"
          ],
          "fullName": "isolated DSH profile evidence installs the selected packed bundle, mounts the real DSH services, and records offline behavior",
          "status": "passed",
          "title": "installs the selected packed bundle, mounts the real DSH services, and records offline behavior",
          "duration": 46282.5043,
          "failureMessages": [],
          "meta": {}
        }
      ],
      "startTime": 1788133220126,
      "endTime": 1788133266408.5044,
      "status": "passed",
      "message": "",
      "name": "<repo>/tests/dsh-isolated-profile-evidence.test.ts"
    }
  ]
}
