{
  "numTotalTestSuites": 62,
  "numPassedTestSuites": 62,
  "numFailedTestSuites": 0,
  "numPendingTestSuites": 0,
  "numTotalTests": 343,
  "numPassedTests": 343,
  "numFailedTests": 0,
  "numPendingTests": 0,
  "numTodoTests": 0,
  "snapshot": {
    "added": 0,
    "failure": false,
    "filesAdded": 0,
    "filesRemoved": 0,
    "filesRemovedList": [],
    "filesUnmatched": 0,
    "filesUpdated": 0,
    "matched": 0,
    "total": 0,
    "unchecked": 0,
    "uncheckedKeysByFile": [],
    "unmatched": 0,
    "updated": 0,
    "didUpdate": false
  },
  "startTime": 1788121626964,
  "success": true,
  "testResults": [
    {
      "assertionResults": [
        {
          "ancestorTitles": [
            "capability execution evidence"
          ],
          "fullName": "capability execution evidence uses a source digest that is stable across worktree line endings",
          "status": "passed",
          "title": "uses a source digest that is stable across worktree line endings",
          "duration": 2.3412999999999897,
          "failureMessages": [],
          "meta": {}
        },
        {
          "ancestorTitles": [
            "capability execution evidence"
          ],
          "fullName": "capability execution evidence accepts only the exact passed Vitest case for a capability",
          "status": "passed",
          "title": "accepts only the exact passed Vitest case for a capability",
          "duration": 0.3044999999999618,
          "failureMessages": [],
          "meta": {}
        },
        {
          "ancestorTitles": [
            "capability execution evidence"
          ],
          "fullName": "capability execution evidence rejects skipped, absent, and merely similarly named cases",
          "status": "passed",
          "title": "rejects skipped, absent, and merely similarly named cases",
          "duration": 0.3047000000000253,
          "failureMessages": [],
          "meta": {}
        },
        {
          "ancestorTitles": [
            "capability execution evidence"
          ],
          "fullName": "capability execution evidence requires a complete archive identity and separates source smoke from a selected tgz",
          "status": "passed",
          "title": "requires a complete archive identity and separates source smoke from a selected tgz",
          "duration": 0.5165999999999826,
          "failureMessages": [],
          "meta": {}
        },
        {
          "ancestorTitles": [
            "capability execution evidence"
          ],
          "fullName": "capability execution evidence removes repository and user-profile paths from public Vitest reports",
          "status": "passed",
          "title": "removes repository and user-profile paths from public Vitest reports",
          "duration": 0.7372999999999479,
          "failureMessages": [],
          "meta": {}
        },
        {
          "ancestorTitles": [
            "capability execution evidence"
          ],
          "fullName": "capability execution evidence writes public evidence commands with repository-relative report paths",
          "status": "passed",
          "title": "writes public evidence commands with repository-relative report paths",
          "duration": 0.37760000000002947,
          "failureMessages": [],
          "meta": {}
        }
      ],
      "startTime": 1788121648127,
      "endTime": 1788121648132.3777,
      "status": "passed",
      "message": "",
      "name": "<repo>/tests/capability-evidence-trust.test.ts"
    },
    {
      "assertionResults": [
        {
          "ancestorTitles": [
            "44 fixed-version database providers"
          ],
          "fullName": "44 fixed-version database providers keeps a one-to-one provider and Skill inventory",
          "status": "passed",
          "title": "keeps a one-to-one provider and Skill inventory",
          "duration": 2.9372999999999365,
          "failureMessages": [],
          "meta": {}
        },
        {
          "ancestorTitles": [
            "44 fixed-version database providers"
          ],
          "fullName": "44 fixed-version database providers alphafold executes its source-native path, request encoding, and response extraction",
          "status": "passed",
          "title": "alphafold executes its source-native path, request encoding, and response extraction",
          "duration": 7.36099999999999,
          "failureMessages": [],
          "meta": {}
        },
        {
          "ancestorTitles": [
            "44 fixed-version database providers"
          ],
          "fullName": "44 fixed-version database providers bgee executes its source-native path, request encoding, and response extraction",
          "status": "passed",
          "title": "bgee executes its source-native path, request encoding, and response extraction",
          "duration": 1.0431999999999562,
          "failureMessages": [],
          "meta": {}
        },
        {
          "ancestorTitles": [
            "44 fixed-version database providers"
          ],
          "fullName": "44 fixed-version database providers bindingdb executes its source-native path, request encoding, and response extraction",
          "status": "passed",
          "title": "bindingdb executes its source-native path, request encoding, and response extraction",
          "duration": 0.9303999999999633,
          "failureMessages": [],
          "meta": {}
        },
        {
          "ancestorTitles": [
            "44 fixed-version database providers"
          ],
          "fullName": "44 fixed-version database providers biobankjapan-phewas executes its source-native path, request encoding, and response extraction",
          "status": "passed",
          "title": "biobankjapan-phewas executes its source-native path, request encoding, and response extraction",
          "duration": 1.2754999999999654,
          "failureMessages": [],
          "meta": {}
        },
        {
          "ancestorTitles": [
            "44 fixed-version database providers"
          ],
          "fullName": "44 fixed-version database providers biostudies-arrayexpress executes its source-native path, request encoding, and response extraction",
          "status": "passed",
          "title": "biostudies-arrayexpress executes its source-native path, request encoding, and response extraction",
          "duration": 0.7854999999999563,
          "failureMessages": [],
          "meta": {}
        },
        {
          "ancestorTitles": [
            "44 fixed-version database providers"
          ],
          "fullName": "44 fixed-version database providers cbioportal executes its source-native path, request encoding, and response extraction",
          "status": "passed",
          "title": "cbioportal executes its source-native path, request encoding, and response extraction",
          "duration": 0.7132000000000289,
          "failureMessages": [],
          "meta": {}
        },
        {
          "ancestorTitles": [
            "44 fixed-version database providers"
          ],
          "fullName": "44 fixed-version database providers cellxgene executes its source-native path, request encoding, and response extraction",
          "status": "passed",
          "title": "cellxgene executes its source-native path, request encoding, and response extraction",
          "duration": 0.6805000000000518,
          "failureMessages": [],
          "meta": {}
        },
        {
          "ancestorTitles": [
            "44 fixed-version database providers"
          ],
          "fullName": "44 fixed-version database providers chebi executes its source-native path, request encoding, and response extraction",
          "status": "passed",
          "title": "chebi executes its source-native path, request encoding, and response extraction",
          "duration": 0.7201999999999771,
          "failureMessages": [],
          "meta": {}
        },
        {
          "ancestorTitles": [
            "44 fixed-version database providers"
          ],
          "fullName": "44 fixed-version database providers chembl executes its source-native path, request encoding, and response extraction",
          "status": "passed",
          "title": "chembl executes its source-native path, request encoding, and response extraction",
          "duration": 1.1837000000000444,
          "failureMessages": [],
          "meta": {}
        },
        {
          "ancestorTitles": [
            "44 fixed-version database providers"
          ],
          "fullName": "44 fixed-version database providers civic executes its source-native path, request encoding, and response extraction",
          "status": "passed",
          "title": "civic executes its source-native path, request encoding, and response extraction",
          "duration": 0.9887999999999693,
          "failureMessages": [],
          "meta": {}
        },
        {
          "ancestorTitles": [
            "44 fixed-version database providers"
          ],
          "fullName": "44 fixed-version database providers clinicaltrials executes its source-native path, request encoding, and response extraction",
          "status": "passed",
          "title": "clinicaltrials executes its source-native path, request encoding, and response extraction",
          "duration": 0.8774999999999409,
          "failureMessages": [],
          "meta": {}
        },
        {
          "ancestorTitles": [
            "44 fixed-version database providers"
          ],
          "fullName": "44 fixed-version database providers clinvar-variation executes its source-native path, request encoding, and response extraction",
          "status": "passed",
          "title": "clinvar-variation executes its source-native path, request encoding, and response extraction",
          "duration": 0.654700000000048,
          "failureMessages": [],
          "meta": {}
        },
        {
          "ancestorTitles": [
            "44 fixed-version database providers"
          ],
          "fullName": "44 fixed-version database providers efo-ontology executes its source-native path, request encoding, and response extraction",
          "status": "passed",
          "title": "efo-ontology executes its source-native path, request encoding, and response extraction",
          "duration": 0.45669999999995525,
          "failureMessages": [],
          "meta": {}
        },
        {
          "ancestorTitles": [
            "44 fixed-version database providers"
          ],
          "fullName": "44 fixed-version database providers encode executes its source-native path, request encoding, and response extraction",
          "status": "passed",
          "title": "encode executes its source-native path, request encoding, and response extraction",
          "duration": 0.4048000000000229,
          "failureMessages": [],
          "meta": {}
        },
        {
          "ancestorTitles": [
            "44 fixed-version database providers"
          ],
          "fullName": "44 fixed-version database providers ensembl executes its source-native path, request encoding, and response extraction",
          "status": "passed",
          "title": "ensembl executes its source-native path, request encoding, and response extraction",
          "duration": 0.4016000000000304,
          "failureMessages": [],
          "meta": {}
        },
        {
          "ancestorTitles": [
            "44 fixed-version database providers"
          ],
          "fullName": "44 fixed-version database providers epigraphdb executes its source-native path, request encoding, and response extraction",
          "status": "passed",
          "title": "epigraphdb executes its source-native path, request encoding, and response extraction",
          "duration": 0.5688999999999851,
          "failureMessages": [],
          "meta": {}
        },
        {
          "ancestorTitles": [
            "44 fixed-version database providers"
          ],
          "fullName": "44 fixed-version database providers eqtl-catalogue executes its source-native path, request encoding, and response extraction",
          "status": "passed",
          "title": "eqtl-catalogue executes its source-native path, request encoding, and response extraction",
          "duration": 0.413599999999974,
          "failureMessages": [],
          "meta": {}
        },
        {
          "ancestorTitles": [
            "44 fixed-version database providers"
          ],
          "fullName": "44 fixed-version database providers eva executes its source-native path, request encoding, and response extraction",
          "status": "passed",
          "title": "eva executes its source-native path, request encoding, and response extraction",
          "duration": 0.35960000000000036,
          "failureMessages": [],
          "meta": {}
        },
        {
          "ancestorTitles": [
            "44 fixed-version database providers"
          ],
          "fullName": "44 fixed-version database providers finngen-phewas executes its source-native path, request encoding, and response extraction",
          "status": "passed",
          "title": "finngen-phewas executes its source-native path, request encoding, and response extraction",
          "duration": 0.3663999999999987,
          "failureMessages": [],
          "meta": {}
        },
        {
          "ancestorTitles": [
            "44 fixed-version database providers"
          ],
          "fullName": "44 fixed-version database providers genebass-gene-burden executes its source-native path, request encoding, and response extraction",
          "status": "passed",
          "title": "genebass-gene-burden executes its source-native path, request encoding, and response extraction",
          "duration": 0.5561000000000149,
          "failureMessages": [],
          "meta": {}
        },
        {
          "ancestorTitles": [
            "44 fixed-version database providers"
          ],
          "fullName": "44 fixed-version database providers gnomad-graphql executes its source-native path, request encoding, and response extraction",
          "status": "passed",
          "title": "gnomad-graphql executes its source-native path, request encoding, and response extraction",
          "duration": 0.4236000000000786,
          "failureMessages": [],
          "meta": {}
        },
        {
          "ancestorTitles": [
            "44 fixed-version database providers"
          ],
          "fullName": "44 fixed-version database providers gtex-eqtl executes its source-native path, request encoding, and response extraction",
          "status": "passed",
          "title": "gtex-eqtl executes its source-native path, request encoding, and response extraction",
          "duration": 0.8850999999999658,
          "failureMessages": [],
          "meta": {}
        },
        {
          "ancestorTitles": [
            "44 fixed-version database providers"
          ],
          "fullName": "44 fixed-version database providers gwas-catalog executes its source-native path, request encoding, and response extraction",
          "status": "passed",
          "title": "gwas-catalog executes its source-native path, request encoding, and response extraction",
          "duration": 0.4814000000000078,
          "failureMessages": [],
          "meta": {}
        },
        {
          "ancestorTitles": [
            "44 fixed-version database providers"
          ],
          "fullName": "44 fixed-version database providers human-protein-atlas executes its source-native path, request encoding, and response extraction",
          "status": "passed",
          "title": "human-protein-atlas executes its source-native path, request encoding, and response extraction",
          "duration": 0.3421000000000731,
          "failureMessages": [],
          "meta": {}
        },
        {
          "ancestorTitles": [
            "44 fixed-version database providers"
          ],
          "fullName": "44 fixed-version database providers ipd executes its source-native path, request encoding, and response extraction",
          "status": "passed",
          "title": "ipd executes its source-native path, request encoding, and response extraction",
          "duration": 0.34149999999999636,
          "failureMessages": [],
          "meta": {}
        },
        {
          "ancestorTitles": [
            "44 fixed-version database providers"
          ],
          "fullName": "44 fixed-version database providers metabolights executes its source-native path, request encoding, and response extraction",
          "status": "passed",
          "title": "metabolights executes its source-native path, request encoding, and response extraction",
          "duration": 0.38229999999998654,
          "failureMessages": [],
          "meta": {}
        },
        {
          "ancestorTitles": [
            "44 fixed-version database providers"
          ],
          "fullName": "44 fixed-version database providers mgnify executes its source-native path, request encoding, and response extraction",
          "status": "passed",
          "title": "mgnify executes its source-native path, request encoding, and response extraction",
          "duration": 0.36230000000000473,
          "failureMessages": [],
          "meta": {}
        },
        {
          "ancestorTitles": [
            "44 fixed-version database providers"
          ],
          "fullName": "44 fixed-version database providers ncbi-clinicaltables executes its source-native path, request encoding, and response extraction",
          "status": "passed",
          "title": "ncbi-clinicaltables executes its source-native path, request encoding, and response extraction",
          "duration": 0.42650000000003274,
          "failureMessages": [],
          "meta": {}
        },
        {
          "ancestorTitles": [
            "44 fixed-version database providers"
          ],
          "fullName": "44 fixed-version database providers ncbi-datasets executes its source-native path, request encoding, and response extraction",
          "status": "passed",
          "title": "ncbi-datasets executes its source-native path, request encoding, and response extraction",
          "duration": 0.40459999999995944,
          "failureMessages": [],
          "meta": {}
        },
        {
          "ancestorTitles": [
            "44 fixed-version database providers"
          ],
          "fullName": "44 fixed-version database providers ncbi-entrez executes its source-native path, request encoding, and response extraction",
          "status": "passed",
          "title": "ncbi-entrez executes its source-native path, request encoding, and response extraction",
          "duration": 0.6667999999999665,
          "failureMessages": [],
          "meta": {}
        },
        {
          "ancestorTitles": [
            "44 fixed-version database providers"
          ],
          "fullName": "44 fixed-version database providers opentargets executes its source-native path, request encoding, and response extraction",
          "status": "passed",
          "title": "opentargets executes its source-native path, request encoding, and response extraction",
          "duration": 0.5054000000000087,
          "failureMessages": [],
          "meta": {}
        },
        {
          "ancestorTitles": [
            "44 fixed-version database providers"
          ],
          "fullName": "44 fixed-version database providers pharmgkb executes its source-native path, request encoding, and response extraction",
          "status": "passed",
          "title": "pharmgkb executes its source-native path, request encoding, and response extraction",
          "duration": 0.5355999999999312,
          "failureMessages": [],
          "meta": {}
        },
        {
          "ancestorTitles": [
            "44 fixed-version database providers"
          ],
          "fullName": "44 fixed-version database providers pride executes its source-native path, request encoding, and response extraction",
          "status": "passed",
          "title": "pride executes its source-native path, request encoding, and response extraction",
          "duration": 0.5072000000000116,
          "failureMessages": [],
          "meta": {}
        },
        {
          "ancestorTitles": [
            "44 fixed-version database providers"
          ],
          "fullName": "44 fixed-version database providers proteomexchange executes its source-native path, request encoding, and response extraction",
          "status": "passed",
          "title": "proteomexchange executes its source-native path, request encoding, and response extraction",
          "duration": 0.37610000000006494,
          "failureMessages": [],
          "meta": {}
        },
        {
          "ancestorTitles": [
            "44 fixed-version database providers"
          ],
          "fullName": "44 fixed-version database providers pubchem-pug executes its source-native path, request encoding, and response extraction",
          "status": "passed",
          "title": "pubchem-pug executes its source-native path, request encoding, and response extraction",
          "duration": 0.5903999999999314,
          "failureMessages": [],
          "meta": {}
        },
        {
          "ancestorTitles": [
            "44 fixed-version database providers"
          ],
          "fullName": "44 fixed-version database providers quickgo executes its source-native path, request encoding, and response extraction",
          "status": "passed",
          "title": "quickgo executes its source-native path, request encoding, and response extraction",
          "duration": 0.4440999999999349,
          "failureMessages": [],
          "meta": {}
        },
        {
          "ancestorTitles": [
            "44 fixed-version database providers"
          ],
          "fullName": "44 fixed-version database providers rcsb-pdb executes its source-native path, request encoding, and response extraction",
          "status": "passed",
          "title": "rcsb-pdb executes its source-native path, request encoding, and response extraction",
          "duration": 0.35579999999993106,
          "failureMessages": [],
          "meta": {}
        },
        {
          "ancestorTitles": [
            "44 fixed-version database providers"
          ],
          "fullName": "44 fixed-version database providers reactome executes its source-native path, request encoding, and response extraction",
          "status": "passed",
          "title": "reactome executes its source-native path, request encoding, and response extraction",
          "duration": 0.33609999999998763,
          "failureMessages": [],
          "meta": {}
        },
        {
          "ancestorTitles": [
            "44 fixed-version database providers"
          ],
          "fullName": "44 fixed-version database providers rhea executes its source-native path, request encoding, and response extraction",
          "status": "passed",
          "title": "rhea executes its source-native path, request encoding, and response extraction",
          "duration": 0.36149999999997817,
          "failureMessages": [],
          "meta": {}
        },
        {
          "ancestorTitles": [
            "44 fixed-version database providers"
          ],
          "fullName": "44 fixed-version database providers rnacentral executes its source-native path, request encoding, and response extraction",
          "status": "passed",
          "title": "rnacentral executes its source-native path, request encoding, and response extraction",
          "duration": 0.3442999999999756,
          "failureMessages": [],
          "meta": {}
        },
        {
          "ancestorTitles": [
            "44 fixed-version database providers"
          ],
          "fullName": "44 fixed-version database providers string executes its source-native path, request encoding, and response extraction",
          "status": "passed",
          "title": "string executes its source-native path, request encoding, and response extraction",
          "duration": 0.42420000000004165,
          "failureMessages": [],
          "meta": {}
        },
        {
          "ancestorTitles": [
            "44 fixed-version database providers"
          ],
          "fullName": "44 fixed-version database providers tpmi-phewas executes its source-native path, request encoding, and response extraction",
          "status": "passed",
          "title": "tpmi-phewas executes its source-native path, request encoding, and response extraction",
          "duration": 0.3953999999999951,
          "failureMessages": [],
          "meta": {}
        },
        {
          "ancestorTitles": [
            "44 fixed-version database providers"
          ],
          "fullName": "44 fixed-version database providers ukb-topmed-phewas executes its source-native path, request encoding, and response extraction",
          "status": "passed",
          "title": "ukb-topmed-phewas executes its source-native path, request encoding, and response extraction",
          "duration": 0.45250000000010004,
          "failureMessages": [],
          "meta": {}
        },
        {
          "ancestorTitles": [
            "44 fixed-version database providers"
          ],
          "fullName": "44 fixed-version database providers uniprot executes its source-native path, request encoding, and response extraction",
          "status": "passed",
          "title": "uniprot executes its source-native path, request encoding, and response extraction",
          "duration": 0.5335999999999785,
          "failureMessages": [],
          "meta": {}
        },
        {
          "ancestorTitles": [
            "44 fixed-version database providers"
          ],
          "fullName": "44 fixed-version database providers reports cancellation before any provider fetch",
          "status": "passed",
          "title": "reports cancellation before any provider fetch",
          "duration": 1.5326000000000022,
          "failureMessages": [],
          "meta": {}
        },
        {
          "ancestorTitles": [
            "44 fixed-version database providers"
          ],
          "fullName": "44 fixed-version database providers uses the fixed eQTL Catalogue v3 dataset-scoped associations route",
          "status": "passed",
          "title": "uses the fixed eQTL Catalogue v3 dataset-scoped associations route",
          "duration": 0.6821999999999662,
          "failureMessages": [],
          "meta": {}
        },
        {
          "ancestorTitles": [
            "44 fixed-version database providers"
          ],
          "fullName": "44 fixed-version database providers maps a top-level UniProt query to the native query parameter",
          "status": "passed",
          "title": "maps a top-level UniProt query to the native query parameter",
          "duration": 0.6862999999999602,
          "failureMessages": [],
          "meta": {}
        },
        {
          "ancestorTitles": [
            "44 fixed-version database providers"
          ],
          "fullName": "44 fixed-version database providers maps a top-level ChEMBL query to the native q parameter",
          "status": "passed",
          "title": "maps a top-level ChEMBL query to the native q parameter",
          "duration": 0.5272000000001071,
          "failureMessages": [],
          "meta": {}
        },
        {
          "ancestorTitles": [
            "44 fixed-version database providers"
          ],
          "fullName": "44 fixed-version database providers maps NCBI Entrez search pagination to retstart and retmax",
          "status": "passed",
          "title": "maps NCBI Entrez search pagination to retstart and retmax",
          "duration": 0.7094999999999345,
          "failureMessages": [],
          "meta": {}
        },
        {
          "ancestorTitles": [
            "44 fixed-version database providers"
          ],
          "fullName": "44 fixed-version database providers maps NCBI Entrez summary identifiers and response format",
          "status": "passed",
          "title": "maps NCBI Entrez summary identifiers and response format",
          "duration": 0.9495000000000573,
          "failureMessages": [],
          "meta": {}
        },
        {
          "ancestorTitles": [
            "44 fixed-version database providers"
          ],
          "fullName": "44 fixed-version database providers maps NCBI Entrez fetch identifiers and response format",
          "status": "passed",
          "title": "maps NCBI Entrez fetch identifiers and response format",
          "duration": 0.9470000000000027,
          "failureMessages": [],
          "meta": {}
        },
        {
          "ancestorTitles": [
            "44 fixed-version database providers"
          ],
          "fullName": "44 fixed-version database providers maps the NCBI Entrez link source and target databases",
          "status": "passed",
          "title": "maps the NCBI Entrez link source and target databases",
          "duration": 1.7282000000000153,
          "failureMessages": [],
          "meta": {}
        },
        {
          "ancestorTitles": [
            "44 fixed-version database providers"
          ],
          "fullName": "44 fixed-version database providers rejects incomplete NCBI Entrez requests before fetch",
          "status": "passed",
          "title": "rejects incomplete NCBI Entrez requests before fetch",
          "duration": 0.5753999999999451,
          "failureMessages": [],
          "meta": {}
        },
        {
          "ancestorTitles": [
            "44 fixed-version database providers"
          ],
          "fullName": "44 fixed-version database providers maps BioBank Japan rsid input to its exact endpoint URL",
          "status": "passed",
          "title": "maps BioBank Japan rsid input to its exact endpoint URL",
          "duration": 1.074799999999982,
          "failureMessages": [],
          "meta": {}
        },
        {
          "ancestorTitles": [
            "44 fixed-version database providers"
          ],
          "fullName": "44 fixed-version database providers maps BioBank Japan grch37 input to its exact endpoint URL",
          "status": "passed",
          "title": "maps BioBank Japan grch37 input to its exact endpoint URL",
          "duration": 0.9772999999999001,
          "failureMessages": [],
          "meta": {}
        },
        {
          "ancestorTitles": [
            "44 fixed-version database providers"
          ],
          "fullName": "44 fixed-version database providers maps BioBank Japan grch38 input to its exact endpoint URL",
          "status": "passed",
          "title": "maps BioBank Japan grch38 input to its exact endpoint URL",
          "duration": 0.7627999999999702,
          "failureMessages": [],
          "meta": {}
        },
        {
          "ancestorTitles": [
            "44 fixed-version database providers"
          ],
          "fullName": "44 fixed-version database providers maps BioBank Japan variant input to its exact endpoint URL",
          "status": "passed",
          "title": "maps BioBank Japan variant input to its exact endpoint URL",
          "duration": 0.511199999999917,
          "failureMessages": [],
          "meta": {}
        },
        {
          "ancestorTitles": [
            "44 fixed-version database providers"
          ],
          "fullName": "44 fixed-version database providers rejects arbitrary HTTPS origins before a provider request is sent",
          "status": "passed",
          "title": "rejects arbitrary HTTPS origins before a provider request is sent",
          "duration": 0.5704999999999245,
          "failureMessages": [],
          "meta": {}
        },
        {
          "ancestorTitles": [
            "44 fixed-version database providers"
          ],
          "fullName": "44 fixed-version database providers allows a declared official alternate origin such as RCSB Search",
          "status": "passed",
          "title": "allows a declared official alternate origin such as RCSB Search",
          "duration": 0.6160999999999603,
          "failureMessages": [],
          "meta": {}
        },
        {
          "ancestorTitles": [
            "three fixed-version literature providers"
          ],
          "fullName": "three fixed-version literature providers biorxiv executes through a provenance-bearing request",
          "status": "passed",
          "title": "biorxiv executes through a provenance-bearing request",
          "duration": 2.2059000000000424,
          "failureMessages": [],
          "meta": {}
        },
        {
          "ancestorTitles": [
            "three fixed-version literature providers"
          ],
          "fullName": "three fixed-version literature providers entrez executes through a provenance-bearing request",
          "status": "passed",
          "title": "entrez executes through a provenance-bearing request",
          "duration": 1.1467999999999847,
          "failureMessages": [],
          "meta": {}
        },
        {
          "ancestorTitles": [
            "three fixed-version literature providers"
          ],
          "fullName": "three fixed-version literature providers pmc executes through a provenance-bearing request",
          "status": "passed",
          "title": "pmc executes through a provenance-bearing request",
          "duration": 0.9048000000000229,
          "failureMessages": [],
          "meta": {}
        }
      ],
      "startTime": 1788121647785,
      "endTime": 1788121647837.9048,
      "status": "passed",
      "message": "",
      "name": "<repo>/tests/database-provider-matrix.test.ts"
    },
    {
      "assertionResults": [
        {
          "ancestorTitles": [
            "DSH bundle registration through Cordis services"
          ],
          "fullName": "DSH bundle registration through Cordis services registers 121 fixed operations, six Skill adapters, 13 Rosalind tools, and 55 Skills",
          "status": "passed",
          "title": "registers 121 fixed operations, six Skill adapters, 13 Rosalind tools, and 55 Skills",
          "duration": 670.6643999999997,
          "failureMessages": [],
          "meta": {}
        },
        {
          "ancestorTitles": [
            "DSH bundle registration through Cordis services"
          ],
          "fullName": "DSH bundle registration through Cordis services checks every registered schema and presentation contract, then dispatches all 140 names through ToolRuntime",
          "status": "passed",
          "title": "checks every registered schema and presentation contract, then dispatches all 140 names through ToolRuntime",
          "duration": 759.5766999999996,
          "failureMessages": [],
          "meta": {}
        },
        {
          "ancestorTitles": [
            "DSH bundle registration through Cordis services"
          ],
          "fullName": "DSH bundle registration through Cordis services executes representative valid calls without network access and reports cancellation before dispatch",
          "status": "passed",
          "title": "executes representative valid calls without network access and reports cancellation before dispatch",
          "duration": 336.2082999999984,
          "failureMessages": [],
          "meta": {}
        },
        {
          "ancestorTitles": [
            "DSH bundle registration through Cordis services"
          ],
          "fullName": "DSH bundle registration through Cordis services requires the DSH approval service for NGS execution and live public-network requests",
          "status": "passed",
          "title": "requires the DSH approval service for NGS execution and live public-network requests",
          "duration": 320.3063000000002,
          "failureMessages": [],
          "meta": {}
        }
      ],
      "startTime": 1788121635740,
      "endTime": 1788121637827.3064,
      "status": "passed",
      "message": "",
      "name": "<repo>/tests/dsh-host-registration.test.ts"
    },
    {
      "assertionResults": [
        {
          "ancestorTitles": [
            "Cordis module core"
          ],
          "fullName": "Cordis module core exposes seven independently managed modules with catalogue-derived metadata",
          "status": "passed",
          "title": "exposes seven independently managed modules with catalogue-derived metadata",
          "duration": 362.6775999999991,
          "failureMessages": [],
          "meta": {}
        },
        {
          "ancestorTitles": [
            "Cordis module core"
          ],
          "fullName": "Cordis module core disables and re-enables one Fiber without affecting the other modules",
          "status": "passed",
          "title": "disables and re-enables one Fiber without affecting the other modules",
          "duration": 564.9076999999997,
          "failureMessages": [],
          "meta": {}
        },
        {
          "ancestorTitles": [
            "Cordis module core"
          ],
          "fullName": "Cordis module core retains a Rosalind run while its registrations are temporarily disabled",
          "status": "passed",
          "title": "retains a Rosalind run while its registrations are temporarily disabled",
          "duration": 354.741,
          "failureMessages": [],
          "meta": {}
        },
        {
          "ancestorTitles": [
            "Cordis module core"
          ],
          "fullName": "Cordis module core removes each module surface, blocks dependent Rosalind work, and restores the retained plan",
          "status": "passed",
          "title": "removes each module surface, blocks dependent Rosalind work, and restores the retained plan",
          "duration": 1444.693799999999,
          "failureMessages": [],
          "meta": {}
        },
        {
          "ancestorTitles": [
            "Cordis module core"
          ],
          "fullName": "Cordis module core blocks Rosalind cross-module Showcases when their required service is disabled",
          "status": "passed",
          "title": "blocks Rosalind cross-module Showcases when their required service is disabled",
          "duration": 292.13690000000133,
          "failureMessages": [],
          "meta": {}
        },
        {
          "ancestorTitles": [
            "Cordis module core"
          ],
          "fullName": "Cordis module core reports every missing module when multiple Rosalind dependencies are disabled",
          "status": "passed",
          "title": "reports every missing module when multiple Rosalind dependencies are disabled",
          "duration": 281.03139999999985,
          "failureMessages": [],
          "meta": {}
        },
        {
          "ancestorTitles": [
            "Cordis module core"
          ],
          "fullName": "Cordis module core keeps one NGS session registry across module suspension and reactivation",
          "status": "passed",
          "title": "keeps one NGS session registry across module suspension and reactivation",
          "duration": 351.0110999999997,
          "failureMessages": [],
          "meta": {}
        },
        {
          "ancestorTitles": [
            "Cordis module core"
          ],
          "fullName": "Cordis module core restores and persists the seven-module selection through DSH settings",
          "status": "passed",
          "title": "restores and persists the seven-module selection through DSH settings",
          "duration": 402.15259999999944,
          "failureMessages": [],
          "meta": {}
        },
        {
          "ancestorTitles": [
            "Cordis module core"
          ],
          "fullName": "Cordis module core retains module state after a settings write error and clears the diagnostic on retry",
          "status": "passed",
          "title": "retains module state after a settings write error and clears the diagnostic on retry",
          "duration": 6.918499999999767,
          "failureMessages": [],
          "meta": {}
        },
        {
          "ancestorTitles": [
            "Cordis module core"
          ],
          "fullName": "Cordis module core reports provider setup and startup failures, then disposes every active Fiber",
          "status": "passed",
          "title": "reports provider setup and startup failures, then disposes every active Fiber",
          "duration": 13.838299999999435,
          "failureMessages": [],
          "meta": {}
        }
      ],
      "startTime": 1788121635743,
      "endTime": 1788121639816.8384,
      "status": "passed",
      "message": "",
      "name": "<repo>/tests/module-core.test.ts"
    },
    {
      "assertionResults": [
        {
          "ancestorTitles": [
            "NgsService local engine execution"
          ],
          "fullName": "NgsService local engine execution starts the reviewed local Nextflow command and records its successful lifecycle and summaries",
          "status": "passed",
          "title": "starts the reviewed local Nextflow command and records its successful lifecycle and summaries",
          "duration": 2597.4498000000003,
          "failureMessages": [],
          "meta": {}
        },
        {
          "ancestorTitles": [
            "NgsService local engine execution"
          ],
          "fullName": "NgsService local engine execution records a non-zero local Nextflow exit and its stderr",
          "status": "passed",
          "title": "records a non-zero local Nextflow exit and its stderr",
          "duration": 2436.7829999999994,
          "failureMessages": [],
          "meta": {}
        },
        {
          "ancestorTitles": [
            "NgsService local engine execution"
          ],
          "fullName": "NgsService local engine execution terminates a running local command on cancellation and retains its cancellation record",
          "status": "passed",
          "title": "terminates a running local command on cancellation and retains its cancellation record",
          "duration": 3396.587700000001,
          "failureMessages": [],
          "meta": {}
        },
        {
          "ancestorTitles": [
            "NgsService local engine execution"
          ],
          "fullName": "NgsService local engine execution terminates active local commands when the NGS service is disposed",
          "status": "passed",
          "title": "terminates active local commands when the NGS service is disposed",
          "duration": 3791.5512,
          "failureMessages": [],
          "meta": {}
        },
        {
          "ancestorTitles": [
            "NgsService local engine execution"
          ],
          "fullName": "NgsService local engine execution reports termination_failed while a failed kill leaves the PID alive",
          "status": "passed",
          "title": "reports termination_failed while a failed kill leaves the PID alive",
          "duration": 3642.6888,
          "failureMessages": [],
          "meta": {}
        },
        {
          "ancestorTitles": [
            "NgsService local engine execution"
          ],
          "fullName": "NgsService local engine execution rejects changed workflow and parameter bytes before creating a process",
          "status": "passed",
          "title": "rejects changed workflow and parameter bytes before creating a process",
          "duration": 789.7011999999995,
          "failureMessages": [],
          "meta": {}
        },
        {
          "ancestorTitles": [
            "NgsService local engine execution"
          ],
          "fullName": "NgsService local engine execution captures every configuration-referenced scientific input and rejects changed input bytes before execution",
          "status": "passed",
          "title": "captures every configuration-referenced scientific input and rejects changed input bytes before execution",
          "duration": 895.1674000000021,
          "failureMessages": [],
          "meta": {}
        },
        {
          "ancestorTitles": [
            "NgsService local engine execution"
          ],
          "fullName": "NgsService local engine execution passes Windows metacharacters, quotes, spaces, and Unicode as literal native argv",
          "status": "passed",
          "title": "passes Windows metacharacters, quotes, spaces, and Unicode as literal native argv",
          "duration": 2992.738599999997,
          "failureMessages": [],
          "meta": {}
        },
        {
          "ancestorTitles": [
            "NgsService local engine execution"
          ],
          "fullName": "NgsService local engine execution returns a structured refusal for command-script runtimes",
          "status": "passed",
          "title": "returns a structured refusal for command-script runtimes",
          "duration": 11.640099999996892,
          "failureMessages": [],
          "meta": {}
        }
      ],
      "startTime": 1788121627667,
      "endTime": 1788121648221.6401,
      "status": "passed",
      "message": "",
      "name": "<repo>/tests/ngs-local-execution.test.ts"
    },
    {
      "assertionResults": [
        {
          "ancestorTitles": [
            "NGS fixed-version MCP facades"
          ],
          "fullName": "NGS fixed-version MCP facades retains the three original service surfaces",
          "status": "passed",
          "title": "retains the three original service surfaces",
          "duration": 2.9553999999999974,
          "failureMessages": [],
          "meta": {}
        },
        {
          "ancestorTitles": [
            "NGS fixed-version MCP facades"
          ],
          "fullName": "NGS fixed-version MCP facades shares one session registry across app, workbench, and compute facades",
          "status": "passed",
          "title": "shares one session registry across app, workbench, and compute facades",
          "duration": 51.796400000000006,
          "failureMessages": [],
          "meta": {}
        },
        {
          "ancestorTitles": [
            "NGS fixed-version MCP facades"
          ],
          "fullName": "NGS fixed-version MCP facades rejects tools invoked through the wrong fixed-version server",
          "status": "passed",
          "title": "rejects tools invoked through the wrong fixed-version server",
          "duration": 2.217199999999991,
          "failureMessages": [],
          "meta": {}
        },
        {
          "ancestorTitles": [
            "NGS fixed-version MCP facades"
          ],
          "fullName": "NGS fixed-version MCP facades exposes unique app tools through generic routing and returns fixed missing-run responses",
          "status": "passed",
          "title": "exposes unique app tools through generic routing and returns fixed missing-run responses",
          "duration": 33.02260000000007,
          "failureMessages": [],
          "meta": {}
        }
      ],
      "startTime": 1788121647173,
      "endTime": 1788121647263.0227,
      "status": "passed",
      "message": "",
      "name": "<repo>/tests/ngs-mcp-facades.test.ts"
    },
    {
      "assertionResults": [
        {
          "ancestorTitles": [
            "NgsService durable registry"
          ],
          "fullName": "NgsService durable registry coalesces burst output persistence into one scheduled registry write",
          "status": "passed",
          "title": "coalesces burst output persistence into one scheduled registry write",
          "duration": 180.63690000000003,
          "failureMessages": [],
          "meta": {}
        },
        {
          "ancestorTitles": [
            "NgsService durable registry"
          ],
          "fullName": "NgsService durable registry consumes an execution plan once and restores the same receipt in a new service instance",
          "status": "passed",
          "title": "consumes an execution plan once and restores the same receipt in a new service instance",
          "duration": 92.41489999999999,
          "failureMessages": [],
          "meta": {}
        },
        {
          "ancestorTitles": [
            "NgsService durable registry"
          ],
          "fullName": "NgsService durable registry marks a saved active controller as orphaned instead of claiming it is still running",
          "status": "passed",
          "title": "marks a saved active controller as orphaned instead of claiming it is still running",
          "duration": 18.62360000000001,
          "failureMessages": [],
          "meta": {}
        },
        {
          "ancestorTitles": [
            "NgsService durable registry"
          ],
          "fullName": "NgsService durable registry keeps colliding normalized session IDs in separate digest-named registry files",
          "status": "passed",
          "title": "keeps colliding normalized session IDs in separate digest-named registry files",
          "duration": 14.699899999999957,
          "failureMessages": [],
          "meta": {}
        },
        {
          "ancestorTitles": [
            "NgsService durable registry"
          ],
          "fullName": "NgsService durable registry preserves original bytes and reports restoration diagnostics for corrupt JSON",
          "status": "passed",
          "title": "preserves original bytes and reports restoration diagnostics for corrupt JSON",
          "duration": 46.02940000000001,
          "failureMessages": [],
          "meta": {}
        },
        {
          "ancestorTitles": [
            "NgsService durable registry"
          ],
          "fullName": "NgsService durable registry preserves original bytes and reports restoration diagnostics for unknown schema",
          "status": "passed",
          "title": "preserves original bytes and reports restoration diagnostics for unknown schema",
          "duration": 21.746299999999906,
          "failureMessages": [],
          "meta": {}
        },
        {
          "ancestorTitles": [
            "NgsService durable registry"
          ],
          "fullName": "NgsService durable registry reports an unwritable registry location without modifying the blocking file",
          "status": "passed",
          "title": "reports an unwritable registry location without modifying the blocking file",
          "duration": 9.306300000000078,
          "failureMessages": [],
          "meta": {}
        }
      ],
      "startTime": 1788121645859,
      "endTime": 1788121646243.3064,
      "status": "passed",
      "message": "",
      "name": "<repo>/tests/ngs-persistence.test.ts"
    },
    {
      "assertionResults": [
        {
          "ancestorTitles": [
            "Rosalind NGS production plan lifecycle"
          ],
          "fullName": "Rosalind NGS production plan lifecycle records declared scientific inputs in the real planner and rejects configurations that do not reference them",
          "status": "passed",
          "title": "records declared scientific inputs in the real planner and rejects configurations that do not reference them",
          "duration": 127.55899999999997,
          "failureMessages": [],
          "meta": {}
        },
        {
          "ancestorTitles": [
            "Rosalind NGS production plan lifecycle"
          ],
          "fullName": "Rosalind NGS production plan lifecycle uses the real NgsService planner once, saves its exact identity, and rejects mismatched approval before execution",
          "status": "passed",
          "title": "uses the real NgsService planner once, saves its exact identity, and rejects mismatched approval before execution",
          "duration": 229.31190000000004,
          "failureMessages": [],
          "meta": {}
        },
        {
          "ancestorTitles": [
            "Rosalind NGS production plan lifecycle"
          ],
          "fullName": "Rosalind NGS production plan lifecycle retains the NGS registry under the stable DSH agent identity used by the Rosalind lifecycle",
          "status": "passed",
          "title": "retains the NGS registry under the stable DSH agent identity used by the Rosalind lifecycle",
          "duration": 245.18140000000017,
          "failureMessages": [],
          "meta": {}
        },
        {
          "ancestorTitles": [
            "Rosalind NGS production plan lifecycle"
          ],
          "fullName": "Rosalind NGS production plan lifecycle keeps an active NGS registry run active, resumes observation without replanning, then records completion",
          "status": "passed",
          "title": "keeps an active NGS registry run active, resumes observation without replanning, then records completion",
          "duration": 49.22490000000016,
          "failureMessages": [],
          "meta": {}
        },
        {
          "ancestorTitles": [
            "Rosalind NGS production plan lifecycle"
          ],
          "fullName": "Rosalind NGS production plan lifecycle records cancellation from the NGS registry rather than converting it to a failed run",
          "status": "passed",
          "title": "records cancellation from the NGS registry rather than converting it to a failed run",
          "duration": 40.69919999999979,
          "failureMessages": [],
          "meta": {}
        },
        {
          "ancestorTitles": [
            "Rosalind NGS production plan lifecycle"
          ],
          "fullName": "Rosalind NGS production plan lifecycle keeps Rosalind observation active when the retained NGS process reports termination_failed",
          "status": "passed",
          "title": "keeps Rosalind observation active when the retained NGS process reports termination_failed",
          "duration": 34.23960000000011,
          "failureMessages": [],
          "meta": {}
        }
      ],
      "startTime": 1788121642933,
      "endTime": 1788121643659.2395,
      "status": "passed",
      "message": "",
      "name": "<repo>/tests/rosalind-ngs-production.test.ts"
    },
    {
      "assertionResults": [
        {
          "ancestorTitles": [
            "Rosalind operation contract"
          ],
          "fullName": "Rosalind operation contract opens the molecular-design workbench from the real catalogue context and retained artifacts",
          "status": "passed",
          "title": "opens the molecular-design workbench from the real catalogue context and retained artifacts",
          "duration": 8.329800000000034,
          "failureMessages": [],
          "meta": {}
        }
      ],
      "startTime": 1788121647878,
      "endTime": 1788121647886.3298,
      "status": "passed",
      "message": "",
      "name": "<repo>/tests/rosalind-operation.test.ts"
    },
    {
      "assertionResults": [
        {
          "ancestorTitles": [
            "DSH host contract"
          ],
          "fullName": "DSH host contract registers the complete public tool surface with explicit output and presentation contracts",
          "status": "passed",
          "title": "registers the complete public tool surface with explicit output and presentation contracts",
          "duration": 21.331699999999955,
          "failureMessages": [],
          "meta": {}
        },
        {
          "ancestorTitles": [
            "DSH host contract"
          ],
          "fullName": "DSH host contract keeps catalogue copies immutable and filters all seven scientific areas",
          "status": "passed",
          "title": "keeps catalogue copies immutable and filters all seven scientific areas",
          "duration": 27.262000000000057,
          "failureMessages": [],
          "meta": {}
        },
        {
          "ancestorTitles": [
            "DSH host contract"
          ],
          "fullName": "DSH host contract rejects workspace path traversal",
          "status": "passed",
          "title": "rejects workspace path traversal",
          "duration": 1.348600000000033,
          "failureMessages": [],
          "meta": {}
        },
        {
          "ancestorTitles": [
            "DSH host contract"
          ],
          "fullName": "DSH host contract treats LF and CRLF text as byte-equivalent across operating systems",
          "status": "passed",
          "title": "treats LF and CRLF text as byte-equivalent across operating systems",
          "duration": 0.33999999999991815,
          "failureMessages": [],
          "meta": {}
        },
        {
          "ancestorTitles": [
            "DSH host contract"
          ],
          "fullName": "DSH host contract exports relative to the runtime workspace even when the host process cwd differs",
          "status": "passed",
          "title": "exports relative to the runtime workspace even when the host process cwd differs",
          "duration": 27.64639999999997,
          "failureMessages": [],
          "meta": {}
        },
        {
          "ancestorTitles": [
            "DSH host contract"
          ],
          "fullName": "DSH host contract shows scientific error codes and messages in Rosalind result cards",
          "status": "passed",
          "title": "shows scientific error codes and messages in Rosalind result cards",
          "duration": 18.29920000000004,
          "failureMessages": [],
          "meta": {}
        },
        {
          "ancestorTitles": [
            "DSH host contract"
          ],
          "fullName": "DSH host contract matches concrete output schemas for Rosalind success and failure results",
          "status": "passed",
          "title": "matches concrete output schemas for Rosalind success and failure results",
          "duration": 517.2692000000001,
          "failureMessages": [],
          "meta": {}
        },
        {
          "ancestorTitles": [
            "provider diagnostics"
          ],
          "fullName": "provider diagnostics reports public network authorization, credentials, commands, and confirmation requirements precisely",
          "status": "passed",
          "title": "reports public network authorization, credentials, commands, and confirmation requirements precisely",
          "duration": 0.5516000000000076,
          "failureMessages": [],
          "meta": {}
        },
        {
          "ancestorTitles": [
            "run lifecycle"
          ],
          "fullName": "run lifecycle rejects unsupported reproduce plans before creating a run",
          "status": "passed",
          "title": "rejects unsupported reproduce plans before creating a run",
          "duration": 9.863400000000183,
          "failureMessages": [],
          "meta": {}
        },
        {
          "ancestorTitles": [
            "run lifecycle"
          ],
          "fullName": "run lifecycle completes lesson, replay, and local reproduce runs",
          "status": "passed",
          "title": "completes lesson, replay, and local reproduce runs",
          "duration": 35.98000000000002,
          "failureMessages": [],
          "meta": {}
        },
        {
          "ancestorTitles": [
            "run lifecycle"
          ],
          "fullName": "run lifecycle requires a new immutable Slide plan and rejects a look-alike source that lacks the recorded identity",
          "status": "passed",
          "title": "requires a new immutable Slide plan and rejects a look-alike source that lacks the recorded identity",
          "duration": 32.06049999999982,
          "failureMessages": [],
          "meta": {}
        },
        {
          "ancestorTitles": [
            "run lifecycle"
          ],
          "fullName": "run lifecycle requires full acknowledgement for GPU work and never changes the selected provider",
          "status": "passed",
          "title": "requires full acknowledgement for GPU work and never changes the selected provider",
          "duration": 10.529600000000073,
          "failureMessages": [],
          "meta": {}
        },
        {
          "ancestorTitles": [
            "run lifecycle"
          ],
          "fullName": "run lifecycle isolates runs by DSH session and supports cancellation before execution",
          "status": "passed",
          "title": "isolates runs by DSH session and supports cancellation before execution",
          "duration": 9.642399999999952,
          "failureMessages": [],
          "meta": {}
        },
        {
          "ancestorTitles": [
            "run lifecycle"
          ],
          "fullName": "run lifecycle requires an agent identity for every stateful Rosalind tool",
          "status": "passed",
          "title": "requires an agent identity for every stateful Rosalind tool",
          "duration": 13.36220000000003,
          "failureMessages": [],
          "meta": {}
        },
        {
          "ancestorTitles": [
            "run lifecycle"
          ],
          "fullName": "run lifecycle keeps plan, status, and cancel continuous for a real DSH agent",
          "status": "passed",
          "title": "keeps plan, status, and cancel continuous for a real DSH agent",
          "duration": 12.833499999999958,
          "failureMessages": [],
          "meta": {}
        },
        {
          "ancestorTitles": [
            "run lifecycle"
          ],
          "fullName": "run lifecycle reports unavailable live providers without selecting another service",
          "status": "passed",
          "title": "reports unavailable live providers without selecting another service",
          "duration": 8.993399999999838,
          "failureMessages": [],
          "meta": {}
        }
      ],
      "startTime": 1788121641254,
      "endTime": 1788121642002.9934,
      "status": "passed",
      "message": "",
      "name": "<repo>/tests/runtime.test.ts"
    },
    {
      "assertionResults": [
        {
          "ancestorTitles": [
            "unified science runtime"
          ],
          "fullName": "unified science runtime builds 121 fixed-version tools and 55 executable Skills",
          "status": "passed",
          "title": "builds 121 fixed-version tools and 55 executable Skills",
          "duration": 254.56769999999995,
          "failureMessages": [],
          "meta": {}
        },
        {
          "ancestorTitles": [
            "unified science runtime"
          ],
          "fullName": "unified science runtime dispatches every required operation to its scientific service",
          "status": "passed",
          "title": "dispatches every required operation to its scientific service",
          "duration": 245.12940000000003,
          "failureMessages": [],
          "meta": {}
        },
        {
          "ancestorTitles": [
            "unified science runtime"
          ],
          "fullName": "unified science runtime provides literature/database gateways and four Slide Skill compatibility tools",
          "status": "passed",
          "title": "provides literature/database gateways and four Slide Skill compatibility tools",
          "duration": 158.2727,
          "failureMessages": [],
          "meta": {}
        },
        {
          "ancestorTitles": [
            "showcase reproduction routes"
          ],
          "fullName": "showcase reproduction routes retains reproduction instructions for all 100 showcases and exercises the registered operation routes",
          "status": "passed",
          "title": "retains reproduction instructions for all 100 showcases and exercises the registered operation routes",
          "duration": 6.52819999999997,
          "failureMessages": [],
          "meta": {}
        }
      ],
      "startTime": 1788121642538,
      "endTime": 1788121643203.5283,
      "status": "passed",
      "message": "",
      "name": "<repo>/tests/science-integration.test.ts"
    },
    {
      "assertionResults": [
        {
          "ancestorTitles": [
            "LiteratureService"
          ],
          "fullName": "LiteratureService constructs biorxiv requests and retains publication records",
          "status": "passed",
          "title": "constructs biorxiv requests and retains publication records",
          "duration": 16.080299999999966,
          "failureMessages": [],
          "meta": {}
        },
        {
          "ancestorTitles": [
            "LiteratureService"
          ],
          "fullName": "LiteratureService normalizes Entrez search IDs and refuses unapproved live calls",
          "status": "passed",
          "title": "normalizes Entrez search IDs and refuses unapproved live calls",
          "duration": 2.8852999999999724,
          "failureMessages": [],
          "meta": {}
        },
        {
          "ancestorTitles": [
            "LiteratureService"
          ],
          "fullName": "LiteratureService retrieves compact, versioned PMC Article Dataset metadata",
          "status": "passed",
          "title": "retrieves compact, versioned PMC Article Dataset metadata",
          "duration": 3.556799999999953,
          "failureMessages": [],
          "meta": {}
        },
        {
          "ancestorTitles": [
            "LiteratureService"
          ],
          "fullName": "LiteratureService resolves DOI identifiers through PMC ESearch before reading cloud metadata",
          "status": "passed",
          "title": "resolves DOI identifiers through PMC ESearch before reading cloud metadata",
          "duration": 2.255200000000059,
          "failureMessages": [],
          "meta": {}
        },
        {
          "ancestorTitles": [
            "LiteratureService"
          ],
          "fullName": "LiteratureService strictly requires params.id for PMC and keeps caller cancellation distinct",
          "status": "passed",
          "title": "strictly requires params.id for PMC and keeps caller cancellation distinct",
          "duration": 1.5801999999999907,
          "failureMessages": [],
          "meta": {}
        },
        {
          "ancestorTitles": [
            "LiteratureService"
          ],
          "fullName": "LiteratureService parses TSV with record_path, applies max_depth, and only writes a new raw package file",
          "status": "passed",
          "title": "parses TSV with record_path, applies max_depth, and only writes a new raw package file",
          "duration": 30.880300000000034,
          "failureMessages": [],
          "meta": {}
        },
        {
          "ancestorTitles": [
            "LiteratureService"
          ],
          "fullName": "LiteratureService returns a precise timeout error without treating it as user cancellation",
          "status": "passed",
          "title": "returns a precise timeout error without treating it as user cancellation",
          "duration": 1010.7924999999999,
          "failureMessages": [],
          "meta": {}
        },
        {
          "ancestorTitles": [
            "LiteratureService"
          ],
          "fullName": "LiteratureService caches only successful anonymous public GET responses for a short bounded interval",
          "status": "passed",
          "title": "caches only successful anonymous public GET responses for a short bounded interval",
          "duration": 7.143600000000106,
          "failureMessages": [],
          "meta": {}
        },
        {
          "ancestorTitles": [
            "LiteratureService"
          ],
          "fullName": "LiteratureService does not cache failed, credentialed, or response-protected literature requests",
          "status": "passed",
          "title": "does not cache failed, credentialed, or response-protected literature requests",
          "duration": 2.406600000000026,
          "failureMessages": [],
          "meta": {}
        },
        {
          "ancestorTitles": [
            "DatabaseService"
          ],
          "fullName": "DatabaseService registers all 44 public database skills",
          "status": "passed",
          "title": "registers all 44 public database skills",
          "duration": 0.8822000000000116,
          "failureMessages": [],
          "meta": {}
        },
        {
          "ancestorTitles": [
            "DatabaseService"
          ],
          "fullName": "DatabaseService routes a provider request with fixture data and pagination",
          "status": "passed",
          "title": "routes a provider request with fixture data and pagination",
          "duration": 2.9425999999998567,
          "failureMessages": [],
          "meta": {}
        },
        {
          "ancestorTitles": [
            "DatabaseService"
          ],
          "fullName": "DatabaseService reports provider and HTTP errors precisely",
          "status": "passed",
          "title": "reports provider and HTTP errors precisely",
          "duration": 1.0420999999998912,
          "failureMessages": [],
          "meta": {}
        },
        {
          "ancestorTitles": [
            "DatabaseService"
          ],
          "fullName": "DatabaseService uses a GraphQL body only for providers that declare it",
          "status": "passed",
          "title": "uses a GraphQL body only for providers that declare it",
          "duration": 0.7927000000001954,
          "failureMessages": [],
          "meta": {}
        },
        {
          "ancestorTitles": [
            "DatabaseService"
          ],
          "fullName": "DatabaseService honors form bodies, strips unsafe headers, and parses compact FASTA or TSV records",
          "status": "passed",
          "title": "honors form bodies, strips unsafe headers, and parses compact FASTA or TSV records",
          "duration": 0.9173999999998159,
          "failureMessages": [],
          "meta": {}
        },
        {
          "ancestorTitles": [
            "DatabaseService"
          ],
          "fullName": "DatabaseService preserves declared text responses and compacts nested JSON by max_depth",
          "status": "passed",
          "title": "preserves declared text responses and compacts nested JSON by max_depth",
          "duration": 1.0448999999998705,
          "failureMessages": [],
          "meta": {}
        },
        {
          "ancestorTitles": [
            "DatabaseService"
          ],
          "fullName": "DatabaseService strictly validates BioBank Japan and gnomAD request prerequisites",
          "status": "passed",
          "title": "strictly validates BioBank Japan and gnomAD request prerequisites",
          "duration": 0.9464000000000397,
          "failureMessages": [],
          "meta": {}
        },
        {
          "ancestorTitles": [
            "DatabaseService"
          ],
          "fullName": "DatabaseService reads a gnomAD query only from the package and writes raw response without overwrite",
          "status": "passed",
          "title": "reads a gnomAD query only from the package and writes raw response without overwrite",
          "duration": 44.18250000000012,
          "failureMessages": [],
          "meta": {}
        },
        {
          "ancestorTitles": [
            "DatabaseService"
          ],
          "fullName": "DatabaseService caches identical anonymous database GETs but not protected responses",
          "status": "passed",
          "title": "caches identical anonymous database GETs but not protected responses",
          "duration": 2.5355999999999312,
          "failureMessages": [],
          "meta": {}
        }
      ],
      "startTime": 1788121640489,
      "endTime": 1788121641623.5356,
      "status": "passed",
      "message": "",
      "name": "<repo>/tests/science-literature-databases.test.ts"
    },
    {
      "assertionResults": [
        {
          "ancestorTitles": [
            "independent science viewer module registration"
          ],
          "fullName": "independent science viewer module registration keeps Sequence, Structure, and Slide host registrations disjoint",
          "status": "passed",
          "title": "keeps Sequence, Structure, and Slide host registrations disjoint",
          "duration": 214.06579999999985,
          "failureMessages": [],
          "meta": {}
        },
        {
          "ancestorTitles": [
            "independent science viewer module registration"
          ],
          "fullName": "independent science viewer module registration maps every host viewer tool to its matching client module",
          "status": "passed",
          "title": "maps every host viewer tool to its matching client module",
          "duration": 150.72810000000004,
          "failureMessages": [],
          "meta": {}
        }
      ],
      "startTime": 1788121644869,
      "endTime": 1788121645233.728,
      "status": "passed",
      "message": "",
      "name": "<repo>/tests/science-module-registration.test.ts"
    },
    {
      "assertionResults": [
        {
          "ancestorTitles": [
            "science tool output schemas"
          ],
          "fullName": "science tool output schemas keeps normalized identity and lifecycle fields authoritative",
          "status": "passed",
          "title": "keeps normalized identity and lifecycle fields authoritative",
          "duration": 3.565400000000068,
          "failureMessages": [],
          "meta": {}
        },
        {
          "ancestorTitles": [
            "science tool output schemas"
          ],
          "fullName": "science tool output schemas validates module-disabled, missing-run, and consumed-plan NGS results",
          "status": "passed",
          "title": "validates module-disabled, missing-run, and consumed-plan NGS results",
          "duration": 245.80070000000012,
          "failureMessages": [],
          "meta": {}
        },
        {
          "ancestorTitles": [
            "science tool output schemas"
          ],
          "fullName": "science tool output schemas describes sequence search hits and slide diagnostic notes exactly",
          "status": "passed",
          "title": "describes sequence search hits and slide diagnostic notes exactly",
          "duration": 290.2389999999998,
          "failureMessages": [],
          "meta": {}
        },
        {
          "ancestorTitles": [
            "science tool output schemas"
          ],
          "fullName": "science tool output schemas declares a strict normalized result contract for all 121 fixed operations",
          "status": "passed",
          "title": "declares a strict normalized result contract for all 121 fixed operations",
          "duration": 193.8831,
          "failureMessages": [],
          "meta": {}
        },
        {
          "ancestorTitles": [
            "science tool output schemas"
          ],
          "fullName": "science tool output schemas declares the same strict contract for all six gateway tools",
          "status": "passed",
          "title": "declares the same strict contract for all six gateway tools",
          "duration": 9.337399999999889,
          "failureMessages": [],
          "meta": {}
        },
        {
          "ancestorTitles": [
            "science tool output schemas"
          ],
          "fullName": "science tool output schemas rejects missing identity, unknown top-level fields, and malformed diagnostics",
          "status": "passed",
          "title": "rejects missing identity, unknown top-level fields, and malformed diagnostics",
          "duration": 155.9097999999999,
          "failureMessages": [],
          "meta": {}
        },
        {
          "ancestorTitles": [
            "science tool output schemas"
          ],
          "fullName": "science tool output schemas keeps structure contracts operation-specific and type-safe",
          "status": "passed",
          "title": "keeps structure contracts operation-specific and type-safe",
          "duration": 124.54570000000012,
          "failureMessages": [],
          "meta": {}
        },
        {
          "ancestorTitles": [
            "science tool output schemas"
          ],
          "fullName": "science tool output schemas accepts nullable viewer payloads only where the fixed contract permits them",
          "status": "passed",
          "title": "accepts nullable viewer payloads only where the fixed contract permits them",
          "duration": 132.0999999999999,
          "failureMessages": [],
          "meta": {}
        },
        {
          "ancestorTitles": [
            "science tool output schemas"
          ],
          "fullName": "science tool output schemas accepts the actual diagnostic-shaped result from every fixed operation",
          "status": "passed",
          "title": "accepts the actual diagnostic-shaped result from every fixed operation",
          "duration": 220.8545999999999,
          "failureMessages": [],
          "meta": {}
        },
        {
          "ancestorTitles": [
            "science tool output schemas"
          ],
          "fullName": "science tool output schemas accepts representative successful and diagnostic runtime values without affecting presentation",
          "status": "passed",
          "title": "accepts representative successful and diagnostic runtime values without affecting presentation",
          "duration": 132.99119999999994,
          "failureMessages": [],
          "meta": {}
        }
      ],
      "startTime": 1788121638810,
      "endTime": 1788121640320.9912,
      "status": "passed",
      "message": "",
      "name": "<repo>/tests/science-output-schema.test.ts"
    },
    {
      "assertionResults": [
        {
          "ancestorTitles": [
            "LocalSlideCanvas"
          ],
          "fullName": "LocalSlideCanvas redraws its backing buffer when the workspace changes size",
          "status": "passed",
          "title": "redraws its backing buffer when the workspace changes size",
          "duration": 79.73090000000002,
          "failureMessages": [],
          "meta": {}
        },
        {
          "ancestorTitles": [
            "LocalSlideCanvas"
          ],
          "fullName": "LocalSlideCanvas keeps ROI interaction in base-slide coordinates",
          "status": "passed",
          "title": "keeps ROI interaction in base-slide coordinates",
          "duration": 14.295299999999997,
          "failureMessages": [],
          "meta": {}
        },
        {
          "ancestorTitles": [
            "LocalSlideCanvas"
          ],
          "fullName": "LocalSlideCanvas ignores an old Image load after a newer source tile replaces it",
          "status": "passed",
          "title": "ignores an old Image load after a newer source tile replaces it",
          "duration": 10.100800000000163,
          "failureMessages": [],
          "meta": {}
        }
      ],
      "startTime": 1788121649532,
      "endTime": 1788121649636.1008,
      "status": "passed",
      "message": "",
      "name": "<repo>/tests/science-slide-canvas.test.tsx"
    },
    {
      "assertionResults": [
        {
          "ancestorTitles": [
            "SlideService fixed-contract parity"
          ],
          "fullName": "SlideService fixed-contract parity rejects absent, stale, and other-caller session IDs without creating state",
          "status": "passed",
          "title": "rejects absent, stale, and other-caller session IDs without creating state",
          "duration": 9.691299999999956,
          "failureMessages": [],
          "meta": {}
        },
        {
          "ancestorTitles": [
            "SlideService fixed-contract parity"
          ],
          "fullName": "SlideService fixed-contract parity asserts operation-specific results for the 33 previously classification-only operations",
          "status": "passed",
          "title": "asserts operation-specific results for the 33 previously classification-only operations",
          "duration": 28.36869999999999,
[...]
          "status": "passed",
          "title": "structure.measure has a real local result or its exact diagnostic",
          "duration": 12.36120000000119,
          "failureMessages": [],
          "meta": {}
        },
        {
          "ancestorTitles": [
            "StructureService 41-operation implementation matrix"
          ],
          "fullName": "StructureService 41-operation implementation matrix structure.open_from_chat has a real local result or its exact diagnostic",
          "status": "passed",
          "title": "structure.open_from_chat has a real local result or its exact diagnostic",
          "duration": 24.927700000000186,
          "failureMessages": [],
          "meta": {}
        },
        {
          "ancestorTitles": [
            "StructureService 41-operation implementation matrix"
          ],
          "fullName": "StructureService 41-operation implementation matrix structure.pymol_action has a real local result or its exact diagnostic",
          "status": "passed",
          "title": "structure.pymol_action has a real local result or its exact diagnostic",
          "duration": 17.151200000000244,
          "failureMessages": [],
          "meta": {}
        },
        {
          "ancestorTitles": [
            "StructureService 41-operation implementation matrix"
          ],
          "fullName": "StructureService 41-operation implementation matrix structure.pymol_actions has a real local result or its exact diagnostic",
          "status": "passed",
          "title": "structure.pymol_actions has a real local result or its exact diagnostic",
          "duration": 15.280099999999948,
          "failureMessages": [],
          "meta": {}
        },
        {
          "ancestorTitles": [
            "StructureService 41-operation implementation matrix"
          ],
          "fullName": "StructureService 41-operation implementation matrix structure.quality_assessment has a real local result or its exact diagnostic",
          "status": "passed",
          "title": "structure.quality_assessment has a real local result or its exact diagnostic",
          "duration": 19.3770999999997,
          "failureMessages": [],
          "meta": {}
        },
        {
          "ancestorTitles": [
            "StructureService 41-operation implementation matrix"
          ],
          "fullName": "StructureService 41-operation implementation matrix structure.query has a real local result or its exact diagnostic",
          "status": "passed",
          "title": "structure.query has a real local result or its exact diagnostic",
          "duration": 17.870600000000195,
          "failureMessages": [],
          "meta": {}
        },
        {
          "ancestorTitles": [
            "StructureService 41-operation implementation matrix"
          ],
          "fullName": "StructureService 41-operation implementation matrix structure.redo has a real local result or its exact diagnostic",
          "status": "passed",
          "title": "structure.redo has a real local result or its exact diagnostic",
          "duration": 43.28399999999965,
          "failureMessages": [],
          "meta": {}
        },
        {
          "ancestorTitles": [
            "StructureService 41-operation implementation matrix"
          ],
          "fullName": "StructureService 41-operation implementation matrix structure.remove_structure has a real local result or its exact diagnostic",
          "status": "passed",
          "title": "structure.remove_structure has a real local result or its exact diagnostic",
          "duration": 23.639200000001438,
          "failureMessages": [],
          "meta": {}
        },
        {
          "ancestorTitles": [
            "StructureService 41-operation implementation matrix"
          ],
          "fullName": "StructureService 41-operation implementation matrix structure.render_image has a real local result or its exact diagnostic",
          "status": "passed",
          "title": "structure.render_image has a real local result or its exact diagnostic",
          "duration": 27.399199999999837,
          "failureMessages": [],
          "meta": {}
        },
        {
          "ancestorTitles": [
            "StructureService 41-operation implementation matrix"
          ],
          "fullName": "StructureService 41-operation implementation matrix structure.render_movie has a real local result or its exact diagnostic",
          "status": "passed",
          "title": "structure.render_movie has a real local result or its exact diagnostic",
          "duration": 475.63890000000174,
          "failureMessages": [],
          "meta": {}
        },
        {
          "ancestorTitles": [
            "StructureService 41-operation implementation matrix"
          ],
          "fullName": "StructureService 41-operation implementation matrix structure.save_scene has a real local result or its exact diagnostic",
          "status": "passed",
          "title": "structure.save_scene has a real local result or its exact diagnostic",
          "duration": 11.455699999998615,
          "failureMessages": [],
          "meta": {}
        },
        {
          "ancestorTitles": [
            "StructureService 41-operation implementation matrix"
          ],
          "fullName": "StructureService 41-operation implementation matrix structure.search_motif has a real local result or its exact diagnostic",
          "status": "passed",
          "title": "structure.search_motif has a real local result or its exact diagnostic",
          "duration": 15.912800000000061,
          "failureMessages": [],
          "meta": {}
        },
        {
          "ancestorTitles": [
            "StructureService 41-operation implementation matrix"
          ],
          "fullName": "StructureService 41-operation implementation matrix structure.set_assembly_symmetry has a real local result or its exact diagnostic",
          "status": "passed",
          "title": "structure.set_assembly_symmetry has a real local result or its exact diagnostic",
          "duration": 16.117599999999584,
          "failureMessages": [],
          "meta": {}
        },
        {
          "ancestorTitles": [
            "StructureService 41-operation implementation matrix"
          ],
          "fullName": "StructureService 41-operation implementation matrix structure.set_object_visibility has a real local result or its exact diagnostic",
          "status": "passed",
          "title": "structure.set_object_visibility has a real local result or its exact diagnostic",
          "duration": 18.564300000000003,
          "failureMessages": [],
          "meta": {}
        },
        {
          "ancestorTitles": [
            "StructureService 41-operation implementation matrix"
          ],
          "fullName": "StructureService 41-operation implementation matrix structure.set_quality_assessment has a real local result or its exact diagnostic",
          "status": "passed",
          "title": "structure.set_quality_assessment has a real local result or its exact diagnostic",
          "duration": 16.02599999999984,
          "failureMessages": [],
          "meta": {}
        },
        {
          "ancestorTitles": [
            "StructureService 41-operation implementation matrix"
          ],
          "fullName": "StructureService 41-operation implementation matrix structure.set_selection has a real local result or its exact diagnostic",
          "status": "passed",
          "title": "structure.set_selection has a real local result or its exact diagnostic",
          "duration": 12.76969999999892,
          "failureMessages": [],
          "meta": {}
        },
        {
          "ancestorTitles": [
            "StructureService 41-operation implementation matrix"
          ],
          "fullName": "StructureService 41-operation implementation matrix structure.set_trajectory_state has a real local result or its exact diagnostic",
          "status": "passed",
          "title": "structure.set_trajectory_state has a real local result or its exact diagnostic",
          "duration": 61.33820000000014,
          "failureMessages": [],
          "meta": {}
        },
        {
          "ancestorTitles": [
            "StructureService 41-operation implementation matrix"
          ],
          "fullName": "StructureService 41-operation implementation matrix structure.transform_object has a real local result or its exact diagnostic",
          "status": "passed",
          "title": "structure.transform_object has a real local result or its exact diagnostic",
          "duration": 16.32719999999972,
          "failureMessages": [],
          "meta": {}
        },
        {
          "ancestorTitles": [
            "StructureService 41-operation implementation matrix"
          ],
          "fullName": "StructureService 41-operation implementation matrix structure.undo has a real local result or its exact diagnostic",
          "status": "passed",
          "title": "structure.undo has a real local result or its exact diagnostic",
          "duration": 36.072000000000116,
          "failureMessages": [],
          "meta": {}
        },
        {
          "ancestorTitles": [
            "StructureService 41-operation implementation matrix"
          ],
          "fullName": "StructureService 41-operation implementation matrix structure.validate_render has a real local result or its exact diagnostic",
          "status": "passed",
          "title": "structure.validate_render has a real local result or its exact diagnostic",
          "duration": 12.234200000000783,
          "failureMessages": [],
          "meta": {}
        },
        {
          "ancestorTitles": [
            "StructureService contract semantics"
          ],
          "fullName": "StructureService contract semantics uses expression, level, kind, targets, selections, and anyOf literally",
          "status": "passed",
          "title": "uses expression, level, kind, targets, selections, and anyOf literally",
          "duration": 39.14820000000145,
          "failureMessages": [],
          "meta": {}
        },
        {
          "ancestorTitles": [
            "StructureService contract semantics"
          ],
          "fullName": "StructureService contract semantics reads local PDB biological-assembly metadata only for the matching RCSB fixture",
          "status": "passed",
          "title": "reads local PDB biological-assembly metadata only for the matching RCSB fixture",
          "duration": 8.964500000000044,
          "failureMessages": [],
          "meta": {}
        },
        {
          "ancestorTitles": [
            "StructureService contract semantics"
          ],
          "fullName": "StructureService contract semantics loads a secondary local coordinate fixture through load_data without treating it as density or trajectory data",
          "status": "passed",
          "title": "loads a secondary local coordinate fixture through load_data without treating it as density or trajectory data",
          "duration": 10.849600000001374,
          "failureMessages": [],
          "meta": {}
        },
        {
          "ancestorTitles": [
            "StructureService contract semantics"
          ],
          "fullName": "StructureService contract semantics browses only opaque tokens for files beside the active local source",
          "status": "passed",
          "title": "browses only opaque tokens for files beside the active local source",
          "duration": 9.66780000000108,
          "failureMessages": [],
          "meta": {}
        },
        {
          "ancestorTitles": [
            "StructureService contract semantics"
          ],
          "fullName": "StructureService contract semantics enforces session, revision, atomic, dry-run, and overwrite controls",
          "status": "passed",
          "title": "enforces session, revision, atomic, dry-run, and overwrite controls",
          "duration": 11.2520999999997,
          "failureMessages": [],
          "meta": {}
        },
        {
          "ancestorTitles": [
            "StructureService contract semantics"
          ],
          "fullName": "StructureService contract semantics computes and applies a coordinate-derived CA Kabsch alignment",
          "status": "passed",
          "title": "computes and applies a coordinate-derived CA Kabsch alignment",
          "duration": 19.96889999999985,
          "failureMessages": [],
          "meta": {}
        },
        {
          "ancestorTitles": [
            "StructureService contract semantics"
          ],
          "fullName": "StructureService contract semantics derives a new object without changing its source",
          "status": "passed",
          "title": "derives a new object without changing its source",
          "duration": 21.973199999998542,
          "failureMessages": [],
          "meta": {}
        },
        {
          "ancestorTitles": [
            "StructureService contract semantics"
          ],
          "fullName": "StructureService contract semantics applies affine coordinates and restores them through undo and redo",
          "status": "passed",
          "title": "applies affine coordinates and restores them through undo and redo",
          "duration": 25.116700000000492,
          "failureMessages": [],
          "meta": {}
        },
        {
          "ancestorTitles": [
            "StructureService contract semantics"
          ],
          "fullName": "StructureService contract semantics creates, updates, and removes coordinate-derived guides with revision checks",
          "status": "passed",
          "title": "creates, updates, and removes coordinate-derived guides with revision checks",
          "duration": 13.651899999998932,
          "failureMessages": [],
          "meta": {}
        },
        {
          "ancestorTitles": [
            "StructureService contract semantics"
          ],
          "fullName": "StructureService contract semantics exposes local direct actions and reports genuine embedded B-factor data without treating it as pLDDT",
          "status": "passed",
          "title": "exposes local direct actions and reports genuine embedded B-factor data without treating it as pLDDT",
          "duration": 11.829400000000533,
          "failureMessages": [],
          "meta": {}
        },
        {
          "ancestorTitles": [
            "StructureService contract semantics"
          ],
          "fullName": "StructureService contract semantics rejects an aborted movie render without leaving generated output behind",
          "status": "passed",
          "title": "rejects an aborted movie render without leaving generated output behind",
          "duration": 13.102499999999054,
          "failureMessages": [],
          "meta": {}
        },
        {
          "ancestorTitles": [
            "StructureService contract semantics"
          ],
          "fullName": "StructureService contract semantics cancels ffmpeg after asynchronous movie encoding has started",
          "status": "passed",
          "title": "cancels ffmpeg after asynchronous movie encoding has started",
          "duration": 721.7874999999985,
          "failureMessages": [],
          "meta": {}
        }
      ],
      "startTime": 1788121634990,
      "endTime": 1788121637355.7876,
      "status": "passed",
      "message": "",
      "name": "<repo>/tests/structure-operation-matrix.test.ts"
    },
    {
      "assertionResults": [
        {
          "ancestorTitles": [
            "StructureService local raster and scientific analyses"
          ],
          "fullName": "StructureService local raster and scientific analyses renders GFP coordinates to a real PNG and retains a reproducible rendering record",
          "status": "passed",
          "title": "renders GFP coordinates to a real PNG and retains a reproducible rendering record",
          "duration": 42.59620000000001,
          "failureMessages": [],
          "meta": {}
        },
        {
          "ancestorTitles": [
            "StructureService local raster and scientific analyses"
          ],
          "fullName": "StructureService local raster and scientific analyses rejects unsupported asynchronous image rendering without writing an artifact",
          "status": "passed",
          "title": "rejects unsupported asynchronous image rendering without writing an artifact",
          "duration": 8.902199999999993,
          "failureMessages": [],
          "meta": {}
        },
        {
          "ancestorTitles": [
            "StructureService local raster and scientific analyses"
          ],
          "fullName": "StructureService local raster and scientific analyses calculates retained MDM2-p53 contacts plus local clashes and hydrogen-bond candidates",
          "status": "passed",
          "title": "calculates retained MDM2-p53 contacts plus local clashes and hydrogen-bond candidates",
          "duration": 32.05230000000006,
          "failureMessages": [],
          "meta": {}
        },
        {
          "ancestorTitles": [
            "StructureService local raster and scientific analyses"
          ],
          "fullName": "StructureService local raster and scientific analyses exports a selection as parseable PDB and reports unavailable binary geometry precisely",
          "status": "passed",
          "title": "exports a selection as parseable PDB and reports unavailable binary geometry precisely",
          "duration": 13.871099999999956,
          "failureMessages": [],
          "meta": {}
        }
      ],
      "startTime": 1788121646819,
      "endTime": 1788121646916.871,
      "status": "passed",
      "message": "",
      "name": "<repo>/tests/structure-runtime.test.ts"
    },
    {
      "assertionResults": [
        {
          "ancestorTitles": [
            "Structure tools through the strict DSH ToolRuntime contract"
          ],
          "fullName": "Structure tools through the strict DSH ToolRuntime contract opens, queries, and renders GFP without INVALID_TOOL_OUTPUT",
          "status": "passed",
          "title": "opens, queries, and renders GFP without INVALID_TOOL_OUTPUT",
          "duration": 304.294,
          "failureMessages": [],
          "meta": {}
        },
        {
          "ancestorTitles": [
            "Structure tools through the strict DSH ToolRuntime contract"
          ],
          "fullName": "Structure tools through the strict DSH ToolRuntime contract executes the eight formerly diagnostic structure operations through ToolRuntime",
          "status": "passed",
          "title": "executes the eight formerly diagnostic structure operations through ToolRuntime",
          "duration": 715.3717999999999,
          "failureMessages": [],
          "meta": {}
        }
      ],
      "startTime": 1788121640966,
      "endTime": 1788121641986.3718,
      "status": "passed",
      "message": "",
      "name": "<repo>/tests/structure-toolruntime.test.ts"
    },
    {
      "assertionResults": [
        {
          "ancestorTitles": [
            "independent NGS and Rosalind Cordis modules"
          ],
          "fullName": "independent NGS and Rosalind Cordis modules keeps Rosalind history readable while NGS is disabled and restores new NGS calls after re-enabling",
          "status": "passed",
          "title": "keeps Rosalind history readable while NGS is disabled and restores new NGS calls after re-enabling",
          "duration": 400.0217,
          "failureMessages": [],
          "meta": {}
        }
      ],
      "startTime": 1788121645480,
      "endTime": 1788121645880.0217,
      "status": "passed",
      "message": "",
      "name": "<repo>/tests/workflow-modules.test.ts"
    }
  ]
}
