{
  "numTotalTestSuites": 62,
  "numPassedTestSuites": 62,
  "numFailedTestSuites": 0,
  "numPendingTestSuites": 0,
  "numTotalTests": 345,
  "numPassedTests": 345,
  "numFailedTests": 0,
  "numPendingTests": 0,
  "numTodoTests": 0,
  "snapshot": {
    "added": 0,
    "failure": false,
    "filesAdded": 0,
    "filesRemoved": 0,
    "filesRemovedList": [],
    "filesUnmatched": 0,
    "filesUpdated": 0,
    "matched": 0,
    "total": 0,
    "unchecked": 0,
    "uncheckedKeysByFile": [],
    "unmatched": 0,
    "updated": 0,
    "didUpdate": false
  },
  "startTime": 1788132058484,
  "success": true,
  "testResults": [
    {
      "assertionResults": [
        {
          "ancestorTitles": [
            "capability execution evidence"
          ],
          "fullName": "capability execution evidence uses a source digest that is stable across worktree line endings",
          "status": "passed",
          "title": "uses a source digest that is stable across worktree line endings",
          "duration": 2.4985000000000355,
          "failureMessages": [],
          "meta": {}
        },
        {
          "ancestorTitles": [
            "capability execution evidence"
          ],
          "fullName": "capability execution evidence accepts only the exact passed Vitest case for a capability",
          "status": "passed",
          "title": "accepts only the exact passed Vitest case for a capability",
          "duration": 0.32480000000003884,
          "failureMessages": [],
          "meta": {}
        },
        {
          "ancestorTitles": [
            "capability execution evidence"
          ],
          "fullName": "capability execution evidence rejects skipped, absent, and merely similarly named cases",
          "status": "passed",
          "title": "rejects skipped, absent, and merely similarly named cases",
          "duration": 0.2492000000000303,
          "failureMessages": [],
          "meta": {}
        },
        {
          "ancestorTitles": [
            "capability execution evidence"
          ],
          "fullName": "capability execution evidence requires a complete archive identity and separates source smoke from a selected tgz",
          "status": "passed",
          "title": "requires a complete archive identity and separates source smoke from a selected tgz",
          "duration": 0.5816000000000372,
          "failureMessages": [],
          "meta": {}
        },
        {
          "ancestorTitles": [
            "capability execution evidence"
          ],
          "fullName": "capability execution evidence removes repository and user-profile paths from public Vitest reports",
          "status": "passed",
          "title": "removes repository and user-profile paths from public Vitest reports",
          "duration": 0.6445999999999685,
          "failureMessages": [],
          "meta": {}
        },
        {
          "ancestorTitles": [
            "capability execution evidence"
          ],
          "fullName": "capability execution evidence writes public evidence commands with repository-relative report paths",
          "status": "passed",
          "title": "writes public evidence commands with repository-relative report paths",
          "duration": 0.6499999999999773,
          "failureMessages": [],
          "meta": {}
        }
      ],
      "startTime": 1788132076663,
      "endTime": 1788132076668.65,
      "status": "passed",
      "message": "",
      "name": "<repo>/tests/capability-evidence-trust.test.ts"
    },
    {
      "assertionResults": [
        {
          "ancestorTitles": [
            "44 fixed-version database providers"
          ],
          "fullName": "44 fixed-version database providers keeps a one-to-one provider and Skill inventory",
          "status": "passed",
          "title": "keeps a one-to-one provider and Skill inventory",
          "duration": 3.1130000000000564,
          "failureMessages": [],
          "meta": {}
        },
        {
          "ancestorTitles": [
            "44 fixed-version database providers"
          ],
          "fullName": "44 fixed-version database providers alphafold executes its source-native path, request encoding, and response extraction",
          "status": "passed",
          "title": "alphafold executes its source-native path, request encoding, and response extraction",
          "duration": 7.285100000000057,
          "failureMessages": [],
          "meta": {}
        },
        {
          "ancestorTitles": [
            "44 fixed-version database providers"
          ],
          "fullName": "44 fixed-version database providers bgee executes its source-native path, request encoding, and response extraction",
          "status": "passed",
          "title": "bgee executes its source-native path, request encoding, and response extraction",
          "duration": 1.004000000000019,
          "failureMessages": [],
          "meta": {}
        },
        {
          "ancestorTitles": [
            "44 fixed-version database providers"
          ],
          "fullName": "44 fixed-version database providers bindingdb executes its source-native path, request encoding, and response extraction",
          "status": "passed",
          "title": "bindingdb executes its source-native path, request encoding, and response extraction",
          "duration": 0.8867999999999938,
          "failureMessages": [],
          "meta": {}
        },
        {
          "ancestorTitles": [
            "44 fixed-version database providers"
          ],
          "fullName": "44 fixed-version database providers biobankjapan-phewas executes its source-native path, request encoding, and response extraction",
          "status": "passed",
          "title": "biobankjapan-phewas executes its source-native path, request encoding, and response extraction",
          "duration": 1.1136999999999944,
          "failureMessages": [],
          "meta": {}
        },
        {
          "ancestorTitles": [
            "44 fixed-version database providers"
          ],
          "fullName": "44 fixed-version database providers biostudies-arrayexpress executes its source-native path, request encoding, and response extraction",
          "status": "passed",
          "title": "biostudies-arrayexpress executes its source-native path, request encoding, and response extraction",
          "duration": 0.7251999999999725,
          "failureMessages": [],
          "meta": {}
        },
        {
          "ancestorTitles": [
            "44 fixed-version database providers"
          ],
          "fullName": "44 fixed-version database providers cbioportal executes its source-native path, request encoding, and response extraction",
          "status": "passed",
          "title": "cbioportal executes its source-native path, request encoding, and response extraction",
          "duration": 0.7213999999999032,
          "failureMessages": [],
          "meta": {}
        },
        {
          "ancestorTitles": [
            "44 fixed-version database providers"
          ],
          "fullName": "44 fixed-version database providers cellxgene executes its source-native path, request encoding, and response extraction",
          "status": "passed",
          "title": "cellxgene executes its source-native path, request encoding, and response extraction",
          "duration": 0.6163999999999987,
          "failureMessages": [],
          "meta": {}
        },
        {
          "ancestorTitles": [
            "44 fixed-version database providers"
          ],
          "fullName": "44 fixed-version database providers chebi executes its source-native path, request encoding, and response extraction",
          "status": "passed",
          "title": "chebi executes its source-native path, request encoding, and response extraction",
          "duration": 0.6458000000000084,
          "failureMessages": [],
          "meta": {}
        },
        {
          "ancestorTitles": [
            "44 fixed-version database providers"
          ],
          "fullName": "44 fixed-version database providers chembl executes its source-native path, request encoding, and response extraction",
          "status": "passed",
          "title": "chembl executes its source-native path, request encoding, and response extraction",
          "duration": 0.8173000000000457,
          "failureMessages": [],
          "meta": {}
        },
        {
          "ancestorTitles": [
            "44 fixed-version database providers"
          ],
          "fullName": "44 fixed-version database providers civic executes its source-native path, request encoding, and response extraction",
          "status": "passed",
          "title": "civic executes its source-native path, request encoding, and response extraction",
          "duration": 0.8959999999999582,
          "failureMessages": [],
          "meta": {}
        },
        {
          "ancestorTitles": [
            "44 fixed-version database providers"
          ],
          "fullName": "44 fixed-version database providers clinicaltrials executes its source-native path, request encoding, and response extraction",
          "status": "passed",
          "title": "clinicaltrials executes its source-native path, request encoding, and response extraction",
          "duration": 0.6308999999999969,
          "failureMessages": [],
          "meta": {}
        },
        {
          "ancestorTitles": [
            "44 fixed-version database providers"
          ],
          "fullName": "44 fixed-version database providers clinvar-variation executes its source-native path, request encoding, and response extraction",
          "status": "passed",
          "title": "clinvar-variation executes its source-native path, request encoding, and response extraction",
          "duration": 0.5756999999999834,
          "failureMessages": [],
          "meta": {}
        },
        {
          "ancestorTitles": [
            "44 fixed-version database providers"
          ],
          "fullName": "44 fixed-version database providers efo-ontology executes its source-native path, request encoding, and response extraction",
          "status": "passed",
          "title": "efo-ontology executes its source-native path, request encoding, and response extraction",
          "duration": 0.5353000000000065,
          "failureMessages": [],
          "meta": {}
        },
        {
          "ancestorTitles": [
            "44 fixed-version database providers"
          ],
          "fullName": "44 fixed-version database providers encode executes its source-native path, request encoding, and response extraction",
          "status": "passed",
          "title": "encode executes its source-native path, request encoding, and response extraction",
          "duration": 0.39189999999996417,
          "failureMessages": [],
          "meta": {}
        },
        {
          "ancestorTitles": [
            "44 fixed-version database providers"
          ],
          "fullName": "44 fixed-version database providers ensembl executes its source-native path, request encoding, and response extraction",
          "status": "passed",
          "title": "ensembl executes its source-native path, request encoding, and response extraction",
          "duration": 0.3531000000000404,
          "failureMessages": [],
          "meta": {}
        },
        {
          "ancestorTitles": [
            "44 fixed-version database providers"
          ],
          "fullName": "44 fixed-version database providers epigraphdb executes its source-native path, request encoding, and response extraction",
          "status": "passed",
          "title": "epigraphdb executes its source-native path, request encoding, and response extraction",
          "duration": 0.4880999999999176,
          "failureMessages": [],
          "meta": {}
        },
        {
          "ancestorTitles": [
            "44 fixed-version database providers"
          ],
          "fullName": "44 fixed-version database providers eqtl-catalogue executes its source-native path, request encoding, and response extraction",
          "status": "passed",
          "title": "eqtl-catalogue executes its source-native path, request encoding, and response extraction",
          "duration": 0.3832999999999629,
          "failureMessages": [],
          "meta": {}
        },
        {
          "ancestorTitles": [
            "44 fixed-version database providers"
          ],
          "fullName": "44 fixed-version database providers eva executes its source-native path, request encoding, and response extraction",
          "status": "passed",
          "title": "eva executes its source-native path, request encoding, and response extraction",
          "duration": 0.35969999999997526,
          "failureMessages": [],
          "meta": {}
        },
        {
          "ancestorTitles": [
            "44 fixed-version database providers"
          ],
          "fullName": "44 fixed-version database providers finngen-phewas executes its source-native path, request encoding, and response extraction",
          "status": "passed",
          "title": "finngen-phewas executes its source-native path, request encoding, and response extraction",
          "duration": 0.3727000000000089,
          "failureMessages": [],
          "meta": {}
        },
        {
          "ancestorTitles": [
            "44 fixed-version database providers"
          ],
          "fullName": "44 fixed-version database providers genebass-gene-burden executes its source-native path, request encoding, and response extraction",
          "status": "passed",
          "title": "genebass-gene-burden executes its source-native path, request encoding, and response extraction",
          "duration": 0.5108999999999924,
          "failureMessages": [],
          "meta": {}
        },
        {
          "ancestorTitles": [
            "44 fixed-version database providers"
          ],
          "fullName": "44 fixed-version database providers gnomad-graphql executes its source-native path, request encoding, and response extraction",
          "status": "passed",
          "title": "gnomad-graphql executes its source-native path, request encoding, and response extraction",
          "duration": 0.7862999999999829,
          "failureMessages": [],
          "meta": {}
        },
        {
          "ancestorTitles": [
            "44 fixed-version database providers"
          ],
          "fullName": "44 fixed-version database providers gtex-eqtl executes its source-native path, request encoding, and response extraction",
          "status": "passed",
          "title": "gtex-eqtl executes its source-native path, request encoding, and response extraction",
          "duration": 0.9583000000000084,
          "failureMessages": [],
          "meta": {}
        },
        {
          "ancestorTitles": [
            "44 fixed-version database providers"
          ],
          "fullName": "44 fixed-version database providers gwas-catalog executes its source-native path, request encoding, and response extraction",
          "status": "passed",
          "title": "gwas-catalog executes its source-native path, request encoding, and response extraction",
          "duration": 0.5313999999999623,
          "failureMessages": [],
          "meta": {}
        },
        {
          "ancestorTitles": [
            "44 fixed-version database providers"
          ],
          "fullName": "44 fixed-version database providers human-protein-atlas executes its source-native path, request encoding, and response extraction",
          "status": "passed",
          "title": "human-protein-atlas executes its source-native path, request encoding, and response extraction",
          "duration": 0.43859999999995125,
          "failureMessages": [],
          "meta": {}
        },
        {
          "ancestorTitles": [
            "44 fixed-version database providers"
          ],
          "fullName": "44 fixed-version database providers ipd executes its source-native path, request encoding, and response extraction",
          "status": "passed",
          "title": "ipd executes its source-native path, request encoding, and response extraction",
          "duration": 0.45820000000003347,
          "failureMessages": [],
          "meta": {}
        },
        {
          "ancestorTitles": [
            "44 fixed-version database providers"
          ],
          "fullName": "44 fixed-version database providers metabolights executes its source-native path, request encoding, and response extraction",
          "status": "passed",
          "title": "metabolights executes its source-native path, request encoding, and response extraction",
          "duration": 0.5723000000000411,
          "failureMessages": [],
          "meta": {}
        },
        {
          "ancestorTitles": [
            "44 fixed-version database providers"
          ],
          "fullName": "44 fixed-version database providers mgnify executes its source-native path, request encoding, and response extraction",
          "status": "passed",
          "title": "mgnify executes its source-native path, request encoding, and response extraction",
          "duration": 0.709699999999998,
          "failureMessages": [],
          "meta": {}
        },
        {
          "ancestorTitles": [
            "44 fixed-version database providers"
          ],
          "fullName": "44 fixed-version database providers ncbi-clinicaltables executes its source-native path, request encoding, and response extraction",
          "status": "passed",
          "title": "ncbi-clinicaltables executes its source-native path, request encoding, and response extraction",
          "duration": 0.4601000000000113,
          "failureMessages": [],
          "meta": {}
        },
        {
          "ancestorTitles": [
            "44 fixed-version database providers"
          ],
          "fullName": "44 fixed-version database providers ncbi-datasets executes its source-native path, request encoding, and response extraction",
          "status": "passed",
          "title": "ncbi-datasets executes its source-native path, request encoding, and response extraction",
          "duration": 0.6023999999999887,
          "failureMessages": [],
          "meta": {}
        },
        {
          "ancestorTitles": [
            "44 fixed-version database providers"
          ],
          "fullName": "44 fixed-version database providers ncbi-entrez executes its source-native path, request encoding, and response extraction",
          "status": "passed",
          "title": "ncbi-entrez executes its source-native path, request encoding, and response extraction",
          "duration": 0.7458000000000311,
          "failureMessages": [],
          "meta": {}
        },
        {
          "ancestorTitles": [
            "44 fixed-version database providers"
          ],
          "fullName": "44 fixed-version database providers opentargets executes its source-native path, request encoding, and response extraction",
          "status": "passed",
          "title": "opentargets executes its source-native path, request encoding, and response extraction",
          "duration": 0.42840000000001055,
          "failureMessages": [],
          "meta": {}
        },
        {
          "ancestorTitles": [
            "44 fixed-version database providers"
          ],
          "fullName": "44 fixed-version database providers pharmgkb executes its source-native path, request encoding, and response extraction",
          "status": "passed",
          "title": "pharmgkb executes its source-native path, request encoding, and response extraction",
          "duration": 0.4056000000000495,
          "failureMessages": [],
          "meta": {}
        },
        {
          "ancestorTitles": [
            "44 fixed-version database providers"
          ],
          "fullName": "44 fixed-version database providers pride executes its source-native path, request encoding, and response extraction",
          "status": "passed",
          "title": "pride executes its source-native path, request encoding, and response extraction",
          "duration": 0.4720000000000937,
          "failureMessages": [],
          "meta": {}
        },
        {
          "ancestorTitles": [
            "44 fixed-version database providers"
          ],
          "fullName": "44 fixed-version database providers proteomexchange executes its source-native path, request encoding, and response extraction",
          "status": "passed",
          "title": "proteomexchange executes its source-native path, request encoding, and response extraction",
          "duration": 0.35419999999999163,
          "failureMessages": [],
          "meta": {}
        },
        {
          "ancestorTitles": [
            "44 fixed-version database providers"
          ],
          "fullName": "44 fixed-version database providers pubchem-pug executes its source-native path, request encoding, and response extraction",
          "status": "passed",
          "title": "pubchem-pug executes its source-native path, request encoding, and response extraction",
          "duration": 0.3691000000000031,
          "failureMessages": [],
          "meta": {}
        },
        {
          "ancestorTitles": [
            "44 fixed-version database providers"
          ],
          "fullName": "44 fixed-version database providers quickgo executes its source-native path, request encoding, and response extraction",
          "status": "passed",
          "title": "quickgo executes its source-native path, request encoding, and response extraction",
          "duration": 0.4089000000000169,
          "failureMessages": [],
          "meta": {}
        },
        {
          "ancestorTitles": [
            "44 fixed-version database providers"
          ],
          "fullName": "44 fixed-version database providers rcsb-pdb executes its source-native path, request encoding, and response extraction",
          "status": "passed",
          "title": "rcsb-pdb executes its source-native path, request encoding, and response extraction",
          "duration": 0.41449999999997544,
          "failureMessages": [],
          "meta": {}
        },
        {
          "ancestorTitles": [
            "44 fixed-version database providers"
          ],
          "fullName": "44 fixed-version database providers reactome executes its source-native path, request encoding, and response extraction",
          "status": "passed",
          "title": "reactome executes its source-native path, request encoding, and response extraction",
          "duration": 0.35019999999997253,
          "failureMessages": [],
          "meta": {}
        },
        {
          "ancestorTitles": [
            "44 fixed-version database providers"
          ],
          "fullName": "44 fixed-version database providers rhea executes its source-native path, request encoding, and response extraction",
          "status": "passed",
          "title": "rhea executes its source-native path, request encoding, and response extraction",
          "duration": 0.35810000000003583,
          "failureMessages": [],
          "meta": {}
        },
        {
          "ancestorTitles": [
            "44 fixed-version database providers"
          ],
          "fullName": "44 fixed-version database providers rnacentral executes its source-native path, request encoding, and response extraction",
          "status": "passed",
          "title": "rnacentral executes its source-native path, request encoding, and response extraction",
          "duration": 0.3851999999999407,
          "failureMessages": [],
          "meta": {}
        },
        {
          "ancestorTitles": [
            "44 fixed-version database providers"
          ],
          "fullName": "44 fixed-version database providers string executes its source-native path, request encoding, and response extraction",
          "status": "passed",
          "title": "string executes its source-native path, request encoding, and response extraction",
          "duration": 0.42459999999994125,
          "failureMessages": [],
          "meta": {}
        },
        {
          "ancestorTitles": [
            "44 fixed-version database providers"
          ],
          "fullName": "44 fixed-version database providers tpmi-phewas executes its source-native path, request encoding, and response extraction",
          "status": "passed",
          "title": "tpmi-phewas executes its source-native path, request encoding, and response extraction",
          "duration": 0.4148000000000138,
          "failureMessages": [],
          "meta": {}
        },
        {
          "ancestorTitles": [
            "44 fixed-version database providers"
          ],
          "fullName": "44 fixed-version database providers ukb-topmed-phewas executes its source-native path, request encoding, and response extraction",
          "status": "passed",
          "title": "ukb-topmed-phewas executes its source-native path, request encoding, and response extraction",
          "duration": 0.4199999999999591,
          "failureMessages": [],
          "meta": {}
        },
        {
          "ancestorTitles": [
            "44 fixed-version database providers"
          ],
          "fullName": "44 fixed-version database providers uniprot executes its source-native path, request encoding, and response extraction",
          "status": "passed",
          "title": "uniprot executes its source-native path, request encoding, and response extraction",
          "duration": 0.3688000000000784,
          "failureMessages": [],
          "meta": {}
        },
        {
          "ancestorTitles": [
            "44 fixed-version database providers"
          ],
          "fullName": "44 fixed-version database providers reports cancellation before any provider fetch",
          "status": "passed",
          "title": "reports cancellation before any provider fetch",
          "duration": 2.060699999999997,
          "failureMessages": [],
          "meta": {}
        },
        {
          "ancestorTitles": [
            "44 fixed-version database providers"
          ],
          "fullName": "44 fixed-version database providers uses the fixed eQTL Catalogue v3 dataset-scoped associations route",
          "status": "passed",
          "title": "uses the fixed eQTL Catalogue v3 dataset-scoped associations route",
          "duration": 0.8397999999999683,
          "failureMessages": [],
          "meta": {}
        },
        {
          "ancestorTitles": [
            "44 fixed-version database providers"
          ],
          "fullName": "44 fixed-version database providers maps a top-level UniProt query to the native query parameter",
          "status": "passed",
          "title": "maps a top-level UniProt query to the native query parameter",
          "duration": 1.5456000000000358,
          "failureMessages": [],
          "meta": {}
        },
        {
          "ancestorTitles": [
            "44 fixed-version database providers"
          ],
          "fullName": "44 fixed-version database providers maps a top-level ChEMBL query to the native q parameter",
          "status": "passed",
          "title": "maps a top-level ChEMBL query to the native q parameter",
          "duration": 0.8619999999999663,
          "failureMessages": [],
          "meta": {}
        },
        {
          "ancestorTitles": [
            "44 fixed-version database providers"
          ],
          "fullName": "44 fixed-version database providers maps NCBI Entrez search pagination to retstart and retmax",
          "status": "passed",
          "title": "maps NCBI Entrez search pagination to retstart and retmax",
          "duration": 0.8724999999999454,
          "failureMessages": [],
          "meta": {}
        },
        {
          "ancestorTitles": [
            "44 fixed-version database providers"
          ],
          "fullName": "44 fixed-version database providers maps NCBI Entrez summary identifiers and response format",
          "status": "passed",
          "title": "maps NCBI Entrez summary identifiers and response format",
          "duration": 1.418700000000058,
          "failureMessages": [],
          "meta": {}
        },
        {
          "ancestorTitles": [
            "44 fixed-version database providers"
          ],
          "fullName": "44 fixed-version database providers maps NCBI Entrez fetch identifiers and response format",
          "status": "passed",
          "title": "maps NCBI Entrez fetch identifiers and response format",
          "duration": 1.6498000000000275,
          "failureMessages": [],
          "meta": {}
        },
        {
          "ancestorTitles": [
            "44 fixed-version database providers"
          ],
          "fullName": "44 fixed-version database providers maps the NCBI Entrez link source and target databases",
          "status": "passed",
          "title": "maps the NCBI Entrez link source and target databases",
          "duration": 1.0453999999999724,
          "failureMessages": [],
          "meta": {}
        },
        {
          "ancestorTitles": [
            "44 fixed-version database providers"
          ],
          "fullName": "44 fixed-version database providers rejects incomplete NCBI Entrez requests before fetch",
          "status": "passed",
          "title": "rejects incomplete NCBI Entrez requests before fetch",
          "duration": 0.5647999999999911,
          "failureMessages": [],
          "meta": {}
        },
        {
          "ancestorTitles": [
            "44 fixed-version database providers"
          ],
          "fullName": "44 fixed-version database providers maps BioBank Japan rsid input to its exact endpoint URL",
          "status": "passed",
          "title": "maps BioBank Japan rsid input to its exact endpoint URL",
          "duration": 1.351699999999937,
          "failureMessages": [],
          "meta": {}
        },
        {
          "ancestorTitles": [
            "44 fixed-version database providers"
          ],
          "fullName": "44 fixed-version database providers maps BioBank Japan grch37 input to its exact endpoint URL",
          "status": "passed",
          "title": "maps BioBank Japan grch37 input to its exact endpoint URL",
          "duration": 0.8761999999999261,
          "failureMessages": [],
          "meta": {}
        },
        {
          "ancestorTitles": [
            "44 fixed-version database providers"
          ],
          "fullName": "44 fixed-version database providers maps BioBank Japan grch38 input to its exact endpoint URL",
          "status": "passed",
          "title": "maps BioBank Japan grch38 input to its exact endpoint URL",
          "duration": 0.5602000000000089,
          "failureMessages": [],
          "meta": {}
        },
        {
          "ancestorTitles": [
            "44 fixed-version database providers"
          ],
          "fullName": "44 fixed-version database providers maps BioBank Japan variant input to its exact endpoint URL",
          "status": "passed",
          "title": "maps BioBank Japan variant input to its exact endpoint URL",
          "duration": 0.4836999999999989,
          "failureMessages": [],
          "meta": {}
        },
        {
          "ancestorTitles": [
            "44 fixed-version database providers"
          ],
          "fullName": "44 fixed-version database providers rejects arbitrary HTTPS origins before a provider request is sent",
          "status": "passed",
          "title": "rejects arbitrary HTTPS origins before a provider request is sent",
          "duration": 0.45449999999993906,
          "failureMessages": [],
          "meta": {}
        },
        {
          "ancestorTitles": [
            "44 fixed-version database providers"
          ],
          "fullName": "44 fixed-version database providers allows a declared official alternate origin such as RCSB Search",
          "status": "passed",
          "title": "allows a declared official alternate origin such as RCSB Search",
          "duration": 0.5009999999999764,
          "failureMessages": [],
          "meta": {}
        },
        {
          "ancestorTitles": [
            "three fixed-version literature providers"
          ],
          "fullName": "three fixed-version literature providers biorxiv executes through a provenance-bearing request",
          "status": "passed",
          "title": "biorxiv executes through a provenance-bearing request",
          "duration": 2.1920000000000073,
          "failureMessages": [],
          "meta": {}
        },
        {
          "ancestorTitles": [
            "three fixed-version literature providers"
          ],
          "fullName": "three fixed-version literature providers entrez executes through a provenance-bearing request",
          "status": "passed",
          "title": "entrez executes through a provenance-bearing request",
          "duration": 1.2554000000000087,
          "failureMessages": [],
          "meta": {}
        },
        {
          "ancestorTitles": [
            "three fixed-version literature providers"
          ],
          "fullName": "three fixed-version literature providers pmc executes through a provenance-bearing request",
          "status": "passed",
          "title": "pmc executes through a provenance-bearing request",
          "duration": 0.9633999999999787,
          "failureMessages": [],
          "meta": {}
        }
      ],
      "startTime": 1788132076686,
      "endTime": 1788132076740.9634,
      "status": "passed",
      "message": "",
      "name": "<repo>/tests/database-provider-matrix.test.ts"
    },
    {
      "assertionResults": [
        {
          "ancestorTitles": [
            "DSH bundle registration through Cordis services"
          ],
          "fullName": "DSH bundle registration through Cordis services registers 121 fixed operations, six Skill adapters, 13 Rosalind tools, and 55 Skills",
          "status": "passed",
          "title": "registers 121 fixed operations, six Skill adapters, 13 Rosalind tools, and 55 Skills",
          "duration": 685.018,
          "failureMessages": [],
          "meta": {}
        },
        {
          "ancestorTitles": [
            "DSH bundle registration through Cordis services"
          ],
          "fullName": "DSH bundle registration through Cordis services checks every registered schema and presentation contract, then dispatches all 140 names through ToolRuntime",
          "status": "passed",
          "title": "checks every registered schema and presentation contract, then dispatches all 140 names through ToolRuntime",
          "duration": 683.6495000000004,
          "failureMessages": [],
          "meta": {}
        },
        {
          "ancestorTitles": [
            "DSH bundle registration through Cordis services"
          ],
          "fullName": "DSH bundle registration through Cordis services executes representative valid calls without network access and reports cancellation before dispatch",
          "status": "passed",
          "title": "executes representative valid calls without network access and reports cancellation before dispatch",
          "duration": 306.01680000000033,
          "failureMessages": [],
          "meta": {}
        },
        {
          "ancestorTitles": [
            "DSH bundle registration through Cordis services"
          ],
          "fullName": "DSH bundle registration through Cordis services requires the DSH approval service for NGS execution and live public-network requests",
          "status": "passed",
          "title": "requires the DSH approval service for NGS execution and live public-network requests",
          "duration": 287.9487000000008,
          "failureMessages": [],
          "meta": {}
        }
      ],
      "startTime": 1788132064942,
      "endTime": 1788132066904.9487,
      "status": "passed",
      "message": "",
      "name": "<repo>/tests/dsh-host-registration.test.ts"
    },
    {
      "assertionResults": [
        {
          "ancestorTitles": [
            "Cordis module core"
          ],
          "fullName": "Cordis module core exposes seven independently managed modules with catalogue-derived metadata",
          "status": "passed",
          "title": "exposes seven independently managed modules with catalogue-derived metadata",
          "duration": 424.26600000000053,
          "failureMessages": [],
          "meta": {}
        },
        {
          "ancestorTitles": [
            "Cordis module core"
          ],
          "fullName": "Cordis module core disables and re-enables one Fiber without affecting the other modules",
          "status": "passed",
          "title": "disables and re-enables one Fiber without affecting the other modules",
          "duration": 515.3050999999996,
          "failureMessages": [],
          "meta": {}
        },
        {
          "ancestorTitles": [
            "Cordis module core"
          ],
          "fullName": "Cordis module core retains a Rosalind run while its registrations are temporarily disabled",
          "status": "passed",
          "title": "retains a Rosalind run while its registrations are temporarily disabled",
          "duration": 347.0465000000004,
          "failureMessages": [],
          "meta": {}
        },
        {
          "ancestorTitles": [
            "Cordis module core"
          ],
          "fullName": "Cordis module core removes each module surface, blocks dependent Rosalind work, and restores the retained plan",
          "status": "passed",
          "title": "removes each module surface, blocks dependent Rosalind work, and restores the retained plan",
          "duration": 1387.6752999999999,
          "failureMessages": [],
          "meta": {}
        },
        {
          "ancestorTitles": [
            "Cordis module core"
          ],
          "fullName": "Cordis module core blocks Rosalind cross-module Showcases when their required service is disabled",
          "status": "passed",
          "title": "blocks Rosalind cross-module Showcases when their required service is disabled",
          "duration": 278.83179999999993,
          "failureMessages": [],
          "meta": {}
        },
        {
          "ancestorTitles": [
            "Cordis module core"
          ],
          "fullName": "Cordis module core reports every missing module when multiple Rosalind dependencies are disabled",
          "status": "passed",
          "title": "reports every missing module when multiple Rosalind dependencies are disabled",
          "duration": 262.6813000000002,
          "failureMessages": [],
          "meta": {}
        },
        {
          "ancestorTitles": [
            "Cordis module core"
          ],
          "fullName": "Cordis module core keeps one NGS session registry across module suspension and reactivation",
          "status": "passed",
          "title": "keeps one NGS session registry across module suspension and reactivation",
          "duration": 283.21390000000065,
          "failureMessages": [],
          "meta": {}
        },
        {
          "ancestorTitles": [
            "Cordis module core"
          ],
          "fullName": "Cordis module core restores and persists the seven-module selection through DSH settings",
          "status": "passed",
          "title": "restores and persists the seven-module selection through DSH settings",
          "duration": 370.52610000000095,
          "failureMessages": [],
          "meta": {}
        },
        {
          "ancestorTitles": [
            "Cordis module core"
          ],
          "fullName": "Cordis module core retains module state after a settings write error and clears the diagnostic on retry",
          "status": "passed",
          "title": "retains module state after a settings write error and clears the diagnostic on retry",
          "duration": 7.777399999999034,
          "failureMessages": [],
          "meta": {}
        },
        {
          "ancestorTitles": [
            "Cordis module core"
          ],
          "fullName": "Cordis module core reports provider setup and startup failures, then disposes every active Fiber",
          "status": "passed",
          "title": "reports provider setup and startup failures, then disposes every active Fiber",
          "duration": 14.949800000000323,
          "failureMessages": [],
          "meta": {}
        }
      ],
      "startTime": 1788132064946,
      "endTime": 1788132068837.9497,
      "status": "passed",
      "message": "",
      "name": "<repo>/tests/module-core.test.ts"
    },
    {
      "assertionResults": [
        {
          "ancestorTitles": [
            "NgsService local engine execution"
          ],
          "fullName": "NgsService local engine execution starts the reviewed local Nextflow command and records its successful lifecycle and summaries",
          "status": "passed",
          "title": "starts the reviewed local Nextflow command and records its successful lifecycle and summaries",
          "duration": 2441.5078,
          "failureMessages": [],
          "meta": {}
        },
        {
          "ancestorTitles": [
            "NgsService local engine execution"
          ],
          "fullName": "NgsService local engine execution records a non-zero local Nextflow exit and its stderr",
          "status": "passed",
          "title": "records a non-zero local Nextflow exit and its stderr",
          "duration": 2121.5576,
          "failureMessages": [],
          "meta": {}
        },
        {
          "ancestorTitles": [
            "NgsService local engine execution"
          ],
          "fullName": "NgsService local engine execution terminates a running local command on cancellation and retains its cancellation record",
          "status": "passed",
          "title": "terminates a running local command on cancellation and retains its cancellation record",
          "duration": 4074.2751000000007,
          "failureMessages": [],
          "meta": {}
        },
        {
          "ancestorTitles": [
            "NgsService local engine execution"
          ],
          "fullName": "NgsService local engine execution terminates active local commands when the NGS service is disposed",
          "status": "passed",
          "title": "terminates active local commands when the NGS service is disposed",
          "duration": 3636.7697000000007,
          "failureMessages": [],
          "meta": {}
        },
        {
          "ancestorTitles": [
            "NgsService local engine execution"
          ],
          "fullName": "NgsService local engine execution reports termination_failed while a failed kill leaves the PID alive",
          "status": "passed",
          "title": "reports termination_failed while a failed kill leaves the PID alive",
          "duration": 3432.5116,
          "failureMessages": [],
          "meta": {}
        },
        {
          "ancestorTitles": [
            "NgsService local engine execution"
          ],
          "fullName": "NgsService local engine execution rejects changed workflow and parameter bytes before creating a process",
          "status": "passed",
          "title": "rejects changed workflow and parameter bytes before creating a process",
          "duration": 779.1701999999987,
          "failureMessages": [],
          "meta": {}
        },
        {
          "ancestorTitles": [
            "NgsService local engine execution"
          ],
          "fullName": "NgsService local engine execution captures every configuration-referenced scientific input and rejects changed input bytes before execution",
          "status": "passed",
          "title": "captures every configuration-referenced scientific input and rejects changed input bytes before execution",
          "duration": 834.9382000000005,
          "failureMessages": [],
          "meta": {}
        },
        {
          "ancestorTitles": [
            "NgsService local engine execution"
          ],
          "fullName": "NgsService local engine execution passes Windows metacharacters, quotes, spaces, and Unicode as literal native argv",
          "status": "passed",
          "title": "passes Windows metacharacters, quotes, spaces, and Unicode as literal native argv",
          "duration": 2534.817900000002,
          "failureMessages": [],
          "meta": {}
        },
        {
          "ancestorTitles": [
            "NgsService local engine execution"
          ],
          "fullName": "NgsService local engine execution returns a structured refusal for command-script runtimes",
          "status": "passed",
          "title": "returns a structured refusal for command-script runtimes",
          "duration": 10.934700000001612,
          "failureMessages": [],
          "meta": {}
        }
      ],
      "startTime": 1788132059119,
      "endTime": 1788132078985.9348,
      "status": "passed",
      "message": "",
      "name": "<repo>/tests/ngs-local-execution.test.ts"
    },
    {
      "assertionResults": [
        {
          "ancestorTitles": [
            "NGS fixed-version MCP facades"
          ],
          "fullName": "NGS fixed-version MCP facades retains the three original service surfaces",
          "status": "passed",
          "title": "retains the three original service surfaces",
          "duration": 2.831799999999987,
          "failureMessages": [],
          "meta": {}
        },
        {
          "ancestorTitles": [
            "NGS fixed-version MCP facades"
          ],
          "fullName": "NGS fixed-version MCP facades shares one session registry across app, workbench, and compute facades",
          "status": "passed",
          "title": "shares one session registry across app, workbench, and compute facades",
          "duration": 42.02600000000001,
          "failureMessages": [],
          "meta": {}
        },
        {
          "ancestorTitles": [
            "NGS fixed-version MCP facades"
          ],
          "fullName": "NGS fixed-version MCP facades rejects tools invoked through the wrong fixed-version server",
          "status": "passed",
          "title": "rejects tools invoked through the wrong fixed-version server",
          "duration": 2.5089000000000397,
          "failureMessages": [],
          "meta": {}
        },
        {
          "ancestorTitles": [
            "NGS fixed-version MCP facades"
          ],
          "fullName": "NGS fixed-version MCP facades exposes unique app tools through generic routing and returns fixed missing-run responses",
          "status": "passed",
          "title": "exposes unique app tools through generic routing and returns fixed missing-run responses",
          "duration": 40.13420000000002,
          "failureMessages": [],
          "meta": {}
        }
      ],
      "startTime": 1788132075914,
      "endTime": 1788132076001.1343,
      "status": "passed",
      "message": "",
      "name": "<repo>/tests/ngs-mcp-facades.test.ts"
    },
    {
      "assertionResults": [
        {
          "ancestorTitles": [
            "NgsService durable registry"
          ],
          "fullName": "NgsService durable registry coalesces burst output persistence into one scheduled registry write",
          "status": "passed",
          "title": "coalesces burst output persistence into one scheduled registry write",
          "duration": 181.40179999999998,
          "failureMessages": [],
          "meta": {}
        },
        {
          "ancestorTitles": [
            "NgsService durable registry"
          ],
          "fullName": "NgsService durable registry consumes an execution plan once and restores the same receipt in a new service instance",
          "status": "passed",
          "title": "consumes an execution plan once and restores the same receipt in a new service instance",
          "duration": 89.80449999999996,
          "failureMessages": [],
          "meta": {}
        },
        {
          "ancestorTitles": [
            "NgsService durable registry"
          ],
          "fullName": "NgsService durable registry marks a saved active controller as orphaned instead of claiming it is still running",
          "status": "passed",
          "title": "marks a saved active controller as orphaned instead of claiming it is still running",
          "duration": 24.48300000000006,
          "failureMessages": [],
          "meta": {}
        },
        {
          "ancestorTitles": [
            "NgsService durable registry"
          ],
          "fullName": "NgsService durable registry keeps colliding normalized session IDs in separate digest-named registry files",
          "status": "passed",
          "title": "keeps colliding normalized session IDs in separate digest-named registry files",
          "duration": 25.216699999999946,
          "failureMessages": [],
          "meta": {}
        },
        {
          "ancestorTitles": [
            "NgsService durable registry"
          ],
          "fullName": "NgsService durable registry preserves original bytes and reports restoration diagnostics for corrupt JSON",
          "status": "passed",
          "title": "preserves original bytes and reports restoration diagnostics for corrupt JSON",
          "duration": 16.386999999999944,
          "failureMessages": [],
          "meta": {}
        },
        {
          "ancestorTitles": [
            "NgsService durable registry"
          ],
          "fullName": "NgsService durable registry preserves original bytes and reports restoration diagnostics for unknown schema",
          "status": "passed",
          "title": "preserves original bytes and reports restoration diagnostics for unknown schema",
          "duration": 13.827800000000025,
          "failureMessages": [],
          "meta": {}
        },
        {
          "ancestorTitles": [
            "NgsService durable registry"
          ],
          "fullName": "NgsService durable registry reports an unwritable registry location without modifying the blocking file",
          "status": "passed",
          "title": "reports an unwritable registry location without modifying the blocking file",
          "duration": 11.293099999999981,
          "failureMessages": [],
          "meta": {}
        }
      ],
      "startTime": 1788132074061,
      "endTime": 1788132074424.2932,
      "status": "passed",
      "message": "",
      "name": "<repo>/tests/ngs-persistence.test.ts"
    },
    {
      "assertionResults": [
        {
          "ancestorTitles": [
            "Rosalind NGS production plan lifecycle"
          ],
          "fullName": "Rosalind NGS production plan lifecycle records declared scientific inputs in the real planner and rejects configurations that do not reference them",
          "status": "passed",
          "title": "records declared scientific inputs in the real planner and rejects configurations that do not reference them",
          "duration": 120.77599999999995,
          "failureMessages": [],
          "meta": {}
        },
        {
          "ancestorTitles": [
            "Rosalind NGS production plan lifecycle"
          ],
          "fullName": "Rosalind NGS production plan lifecycle uses the real NgsService planner once, saves its exact identity, and rejects mismatched approval before execution",
          "status": "passed",
          "title": "uses the real NgsService planner once, saves its exact identity, and rejects mismatched approval before execution",
          "duration": 190.57600000000014,
          "failureMessages": [],
          "meta": {}
        },
        {
          "ancestorTitles": [
            "Rosalind NGS production plan lifecycle"
          ],
          "fullName": "Rosalind NGS production plan lifecycle retains the NGS registry under the stable DSH agent identity used by the Rosalind lifecycle",
          "status": "passed",
          "title": "retains the NGS registry under the stable DSH agent identity used by the Rosalind lifecycle",
          "duration": 236.37889999999993,
          "failureMessages": [],
          "meta": {}
        },
        {
          "ancestorTitles": [
            "Rosalind NGS production plan lifecycle"
          ],
          "fullName": "Rosalind NGS production plan lifecycle keeps an active NGS registry run active, resumes observation without replanning, then records completion",
          "status": "passed",
          "title": "keeps an active NGS registry run active, resumes observation without replanning, then records completion",
          "duration": 58.31100000000015,
          "failureMessages": [],
          "meta": {}
        },
        {
          "ancestorTitles": [
            "Rosalind NGS production plan lifecycle"
          ],
          "fullName": "Rosalind NGS production plan lifecycle records cancellation from the NGS registry rather than converting it to a failed run",
          "status": "passed",
          "title": "records cancellation from the NGS registry rather than converting it to a failed run",
          "duration": 60.09609999999998,
          "failureMessages": [],
          "meta": {}
        },
        {
          "ancestorTitles": [
            "Rosalind NGS production plan lifecycle"
          ],
          "fullName": "Rosalind NGS production plan lifecycle keeps Rosalind observation active when the retained NGS process reports termination_failed",
          "status": "passed",
          "title": "keeps Rosalind observation active when the retained NGS process reports termination_failed",
          "duration": 40.56189999999992,
          "failureMessages": [],
          "meta": {}
        }
      ],
      "startTime": 1788132073371,
      "endTime": 1788132074077.562,
      "status": "passed",
      "message": "",
      "name": "<repo>/tests/rosalind-ngs-production.test.ts"
    },
    {
      "assertionResults": [
        {
          "ancestorTitles": [
            "Rosalind operation contract"
          ],
          "fullName": "Rosalind operation contract opens the molecular-design workbench from the real catalogue context and retained artifacts",
          "status": "passed",
          "title": "opens the molecular-design workbench from the real catalogue context and retained artifacts",
          "duration": 6.415899999999965,
          "failureMessages": [],
          "meta": {}
        }
      ],
      "startTime": 1788132076640,
      "endTime": 1788132076646.416,
      "status": "passed",
      "message": "",
      "name": "<repo>/tests/rosalind-operation.test.ts"
    },
    {
      "assertionResults": [
        {
          "ancestorTitles": [
            "DSH host contract"
          ],
          "fullName": "DSH host contract registers the complete public tool surface with explicit output and presentation contracts",
          "status": "passed",
          "title": "registers the complete public tool surface with explicit output and presentation contracts",
          "duration": 22.17229999999995,
          "failureMessages": [],
          "meta": {}
        },
        {
          "ancestorTitles": [
            "DSH host contract"
          ],
          "fullName": "DSH host contract keeps catalogue copies immutable and filters all seven scientific areas",
          "status": "passed",
          "title": "keeps catalogue copies immutable and filters all seven scientific areas",
          "duration": 29.954799999999977,
          "failureMessages": [],
          "meta": {}
        },
        {
          "ancestorTitles": [
            "DSH host contract"
          ],
          "fullName": "DSH host contract rejects workspace path traversal",
          "status": "passed",
          "title": "rejects workspace path traversal",
          "duration": 1.1219999999999573,
          "failureMessages": [],
          "meta": {}
        },
        {
          "ancestorTitles": [
            "DSH host contract"
          ],
          "fullName": "DSH host contract treats LF and CRLF text as byte-equivalent across operating systems",
          "status": "passed",
          "title": "treats LF and CRLF text as byte-equivalent across operating systems",
          "duration": 0.32939999999996417,
          "failureMessages": [],
          "meta": {}
        },
        {
          "ancestorTitles": [
            "DSH host contract"
          ],
          "fullName": "DSH host contract exports relative to the runtime workspace even when the host process cwd differs",
          "status": "passed",
          "title": "exports relative to the runtime workspace even when the host process cwd differs",
          "duration": 24.121599999999944,
          "failureMessages": [],
          "meta": {}
        },
        {
          "ancestorTitles": [
            "DSH host contract"
          ],
          "fullName": "DSH host contract shows scientific error codes and messages in Rosalind result cards",
          "status": "passed",
          "title": "shows scientific error codes and messages in Rosalind result cards",
          "duration": 13.486400000000003,
          "failureMessages": [],
          "meta": {}
        },
        {
          "ancestorTitles": [
            "DSH host contract"
          ],
          "fullName": "DSH host contract matches concrete output schemas for Rosalind success and failure results",
          "status": "passed",
          "title": "matches concrete output schemas for Rosalind success and failure results",
          "duration": 445.1708,
          "failureMessages": [],
          "meta": {}
        },
        {
          "ancestorTitles": [
            "provider diagnostics"
          ],
          "fullName": "provider diagnostics reports public network authorization, credentials, commands, and confirmation requirements precisely",
          "status": "passed",
          "title": "reports public network authorization, credentials, commands, and confirmation requirements precisely",
          "duration": 0.9448999999999614,
          "failureMessages": [],
          "meta": {}
        },
        {
          "ancestorTitles": [
            "run lifecycle"
          ],
          "fullName": "run lifecycle rejects unsupported reproduce plans before creating a run",
          "status": "passed",
          "title": "rejects unsupported reproduce plans before creating a run",
          "duration": 9.47460000000001,
          "failureMessages": [],
          "meta": {}
        },
        {
          "ancestorTitles": [
            "run lifecycle"
          ],
          "fullName": "run lifecycle completes lesson, replay, and local reproduce runs",
          "status": "passed",
          "title": "completes lesson, replay, and local reproduce runs",
          "duration": 45.414800000000014,
          "failureMessages": [],
          "meta": {}
        },
        {
          "ancestorTitles": [
            "run lifecycle"
          ],
          "fullName": "run lifecycle requires a new immutable Slide plan and rejects a look-alike source that lacks the recorded identity",
          "status": "passed",
          "title": "requires a new immutable Slide plan and rejects a look-alike source that lacks the recorded identity",
          "duration": 41.872499999999945,
          "failureMessages": [],
          "meta": {}
        },
        {
          "ancestorTitles": [
            "run lifecycle"
          ],
          "fullName": "run lifecycle requires full acknowledgement for GPU work and never changes the selected provider",
          "status": "passed",
          "title": "requires full acknowledgement for GPU work and never changes the selected provider",
          "duration": 15.298099999999977,
          "failureMessages": [],
          "meta": {}
        },
        {
          "ancestorTitles": [
            "run lifecycle"
          ],
          "fullName": "run lifecycle isolates runs by DSH session and supports cancellation before execution",
          "status": "passed",
          "title": "isolates runs by DSH session and supports cancellation before execution",
          "duration": 10.381799999999885,
          "failureMessages": [],
          "meta": {}
        },
        {
          "ancestorTitles": [
            "run lifecycle"
          ],
          "fullName": "run lifecycle requires an agent identity for every stateful Rosalind tool",
          "status": "passed",
          "title": "requires an agent identity for every stateful Rosalind tool",
          "duration": 13.925599999999804,
          "failureMessages": [],
          "meta": {}
        },
        {
          "ancestorTitles": [
            "run lifecycle"
          ],
          "fullName": "run lifecycle keeps plan, status, and cancel continuous for a real DSH agent",
          "status": "passed",
          "title": "keeps plan, status, and cancel continuous for a real DSH agent",
          "duration": 14.60719999999992,
          "failureMessages": [],
          "meta": {}
        },
        {
          "ancestorTitles": [
            "run lifecycle"
          ],
          "fullName": "run lifecycle reports unavailable live providers without selecting another service",
          "status": "passed",
          "title": "reports unavailable live providers without selecting another service",
          "duration": 9.87869999999998,
          "failureMessages": [],
          "meta": {}
        }
      ],
      "startTime": 1788132070038,
      "endTime": 1788132070737.8787,
      "status": "passed",
      "message": "",
      "name": "<repo>/tests/runtime.test.ts"
    },
    {
      "assertionResults": [
        {
          "ancestorTitles": [
            "unified science runtime"
          ],
          "fullName": "unified science runtime builds 121 fixed-version tools and 55 executable Skills",
          "status": "passed",
          "title": "builds 121 fixed-version tools and 55 executable Skills",
          "duration": 226.77510000000007,
          "failureMessages": [],
          "meta": {}
        },
        {
          "ancestorTitles": [
            "unified science runtime"
          ],
          "fullName": "unified science runtime dispatches every required operation to its scientific service",
          "status": "passed",
          "title": "dispatches every required operation to its scientific service",
          "duration": 411.9540999999999,
          "failureMessages": [],
          "meta": {}
        },
        {
          "ancestorTitles": [
            "unified science runtime"
          ],
          "fullName": "unified science runtime provides literature/database gateways and four Slide Skill compatibility tools",
          "status": "passed",
          "title": "provides literature/database gateways and four Slide Skill compatibility tools",
          "duration": 151.8266000000001,
          "failureMessages": [],
          "meta": {}
        },
        {
          "ancestorTitles": [
            "showcase reproduction routes"
          ],
          "fullName": "showcase reproduction routes retains reproduction instructions for all 100 showcases and exercises the registered operation routes",
          "status": "passed",
          "title": "retains reproduction instructions for all 100 showcases and exercises the registered operation routes",
          "duration": 6.88370000000009,
          "failureMessages": [],
          "meta": {}
        }
      ],
      "startTime": 1788132071648,
      "endTime": 1788132072445.8838,
      "status": "passed",
      "message": "",
      "name": "<repo>/tests/science-integration.test.ts"
    },
    {
      "assertionResults": [
        {
          "ancestorTitles": [
            "LiteratureService"
          ],
          "fullName": "LiteratureService constructs biorxiv requests and retains publication records",
          "status": "passed",
          "title": "constructs biorxiv requests and retains publication records",
          "duration": 8.625499999999988,
          "failureMessages": [],
          "meta": {}
        },
        {
          "ancestorTitles": [
            "LiteratureService"
          ],
          "fullName": "LiteratureService normalizes Entrez search IDs and refuses unapproved live calls",
          "status": "passed",
          "title": "normalizes Entrez search IDs and refuses unapproved live calls",
          "duration": 1.8899000000000115,
          "failureMessages": [],
          "meta": {}
        },
        {
          "ancestorTitles": [
            "LiteratureService"
          ],
          "fullName": "LiteratureService retrieves compact, versioned PMC Article Dataset metadata",
          "status": "passed",
          "title": "retrieves compact, versioned PMC Article Dataset metadata",
          "duration": 2.998999999999967,
          "failureMessages": [],
          "meta": {}
        },
        {
          "ancestorTitles": [
            "LiteratureService"
          ],
          "fullName": "LiteratureService resolves DOI identifiers through PMC ESearch before reading cloud metadata",
          "status": "passed",
          "title": "resolves DOI identifiers through PMC ESearch before reading cloud metadata",
          "duration": 2.0412999999999784,
          "failureMessages": [],
          "meta": {}
        },
        {
          "ancestorTitles": [
            "LiteratureService"
          ],
          "fullName": "LiteratureService strictly requires params.id for PMC and keeps caller cancellation distinct",
          "status": "passed",
          "title": "strictly requires params.id for PMC and keeps caller cancellation distinct",
          "duration": 1.1772000000000276,
          "failureMessages": [],
          "meta": {}
        },
        {
          "ancestorTitles": [
            "LiteratureService"
          ],
          "fullName": "LiteratureService parses TSV with record_path, applies max_depth, and only writes a new raw package file",
          "status": "passed",
          "title": "parses TSV with record_path, applies max_depth, and only writes a new raw package file",
          "duration": 25.43889999999999,
          "failureMessages": [],
          "meta": {}
        },
        {
          "ancestorTitles": [
            "LiteratureService"
          ],
          "fullName": "LiteratureService returns a precise timeout error without treating it as user cancellation",
          "status": "passed",
          "title": "returns a precise timeout error without treating it as user cancellation",
          "duration": 1009.6387,
          "failureMessages": [],
          "meta": {}
        },
        {
          "ancestorTitles": [
            "LiteratureService"
          ],
          "fullName": "LiteratureService caches only successful anonymous public GET responses for a short bounded interval",
          "status": "passed",
          "title": "caches only successful anonymous public GET responses for a short bounded interval",
          "duration": 4.889700000000175,
          "failureMessages": [],
          "meta": {}
        },
        {
          "ancestorTitles": [
            "LiteratureService"
          ],
          "fullName": "LiteratureService does not cache failed, credentialed, or response-protected literature requests",
          "status": "passed",
          "title": "does not cache failed, credentialed, or response-protected literature requests",
          "duration": 2.082800000000134,
          "failureMessages": [],
          "meta": {}
        },
        {
          "ancestorTitles": [
            "DatabaseService"
          ],
          "fullName": "DatabaseService registers all 44 public database skills",
          "status": "passed",
          "title": "registers all 44 public database skills",
          "duration": 0.6917000000000826,
          "failureMessages": [],
          "meta": {}
        },
        {
          "ancestorTitles": [
            "DatabaseService"
          ],
          "fullName": "DatabaseService routes a provider request with fixture data and pagination",
          "status": "passed",
          "title": "routes a provider request with fixture data and pagination",
          "duration": 3.809300000000121,
          "failureMessages": [],
          "meta": {}
        },
        {
          "ancestorTitles": [
            "DatabaseService"
          ],
          "fullName": "DatabaseService reports provider and HTTP errors precisely",
          "status": "passed",
          "title": "reports provider and HTTP errors precisely",
          "duration": 1.1962000000000899,
          "failureMessages": [],
          "meta": {}
        },
        {
          "ancestorTitles": [
            "DatabaseService"
          ],
          "fullName": "DatabaseService uses a GraphQL body only for providers that declare it",
          "status": "passed",
          "title": "uses a GraphQL body only for providers that declare it",
          "duration": 2.7688000000000557,
          "failureMessages": [],
          "meta": {}
        },
        {
          "ancestorTitles": [
            "DatabaseService"
          ],
          "fullName": "DatabaseService honors form bodies, strips unsafe headers, and parses compact FASTA or TSV records",
          "status": "passed",
          "title": "honors form bodies, strips unsafe headers, and parses compact FASTA or TSV records",
          "duration": 3.543999999999869,
          "failureMessages": [],
          "meta": {}
        },
        {
          "ancestorTitles": [
            "DatabaseService"
          ],
          "fullName": "DatabaseService preserves declared text responses and compacts nested JSON by max_depth",
          "status": "passed",
          "title": "preserves declared text responses and compacts nested JSON by max_depth",
          "duration": 1.5480000000000018,
          "failureMessages": [],
          "meta": {}
        },
        {
          "ancestorTitles": [
            "DatabaseService"
          ],
          "fullName": "DatabaseService strictly validates BioBank Japan and gnomAD request prerequisites",
          "status": "passed",
          "title": "strictly validates BioBank Japan and gnomAD request prerequisites",
          "duration": 1.2228000000000065,
          "failureMessages": [],
          "meta": {}
        },
        {
          "ancestorTitles": [
            "DatabaseService"
          ],
          "fullName": "DatabaseService reads a gnomAD query only from the package and writes raw response without overwrite",
          "status": "passed",
          "title": "reads a gnomAD query only from the package and writes raw response without overwrite",
          "duration": 43.34720000000016,
          "failureMessages": [],
          "meta": {}
        },
        {
          "ancestorTitles": [
            "DatabaseService"
          ],
          "fullName": "DatabaseService caches identical anonymous database GETs but not protected responses",
          "status": "passed",
          "title": "caches identical anonymous database GETs but not protected responses",
          "duration": 3.050999999999931,
          "failureMessages": [],
          "meta": {}
        }
      ],
      "startTime": 1788132069387,
      "endTime": 1788132070509.051,
      "status": "passed",
      "message": "",
      "name": "<repo>/tests/science-literature-databases.test.ts"
    },
    {
      "assertionResults": [
        {
          "ancestorTitles": [
            "independent science viewer module registration"
          ],
          "fullName": "independent science viewer module registration keeps Sequence, Structure, and Slide host registrations disjoint",
          "status": "passed",
          "title": "keeps Sequence, Structure, and Slide host registrations disjoint",
          "duration": 182.21119999999996,
          "failureMessages": [],
          "meta": {}
        },
        {
          "ancestorTitles": [
            "independent science viewer module registration"
          ],
          "fullName": "independent science viewer module registration maps every host viewer tool to its matching client module",
          "status": "passed",
          "title": "maps every host viewer tool to its matching client module",
          "duration": 302.5871000000002,
          "failureMessages": [],
          "meta": {}
        }
      ],
      "startTime": 1788132073555,
      "endTime": 1788132074040.5872,
      "status": "passed",
      "message": "",
      "name": "<repo>/tests/science-module-registration.test.ts"
    },
    {
      "assertionResults": [
        {
          "ancestorTitles": [
            "science tool output schemas"
          ],
          "fullName": "science tool output schemas keeps normalized identity and lifecycle fields authoritative",
          "status": "passed",
          "title": "keeps normalized identity and lifecycle fields authoritative",
          "duration": 4.353599999999915,
          "failureMessages": [],
          "meta": {}
        },
        {
          "ancestorTitles": [
            "science tool output schemas"
          ],
          "fullName": "science tool output schemas validates module-disabled, missing-run, and consumed-plan NGS results",
          "status": "passed",
          "title": "validates module-disabled, missing-run, and consumed-plan NGS results",
          "duration": 232.31920000000002,
          "failureMessages": [],
          "meta": {}
        },
        {
          "ancestorTitles": [
            "science tool output schemas"
          ],
          "fullName": "science tool output schemas describes sequence search hits and slide diagnostic notes exactly",
          "status": "passed",
          "title": "describes sequence search hits and slide diagnostic notes exactly",
          "duration": 225.36620000000005,
          "failureMessages": [],
          "meta": {}
        },
        {
          "ancestorTitles": [
            "science tool output schemas"
          ],
          "fullName": "science tool output schemas declares a strict normalized result contract for all 121 fixed operations",
          "status": "passed",
          "title": "declares a strict normalized result contract for all 121 fixed operations",
          "duration": 201.37350000000015,
          "failureMessages": [],
          "meta": {}
        },
        {
          "ancestorTitles": [
            "science tool output schemas"
          ],
          "fullName": "science tool output schemas declares the same strict contract for all six gateway tools",
          "status": "passed",
          "title": "declares the same strict contract for all six gateway tools",
          "duration": 7.692399999999907,
          "failureMessages": [],
          "meta": {}
        },
        {
          "ancestorTitles": [
            "science tool output schemas"
          ],
          "fullName": "science tool output schemas rejects missing identity, unknown top-level fields, and malformed diagnostics",
          "status": "passed",
          "title": "rejects missing identity, unknown top-level fields, and malformed diagnostics",
          "duration": 152.07230000000004,
          "failureMessages": [],
          "meta": {}
        },
        {
          "ancestorTitles": [
            "science tool output schemas"
          ],
          "fullName": "science tool output schemas keeps structure contracts operation-specific and type-safe",
          "status": "passed",
          "title": "keeps structure contracts operation-specific and type-safe",
          "duration": 123.4693000000002,
          "failureMessages": [],
          "meta": {}
        },
        {
          "ancestorTitles": [
            "science tool output schemas"
          ],
          "fullName": "science tool output schemas accepts nullable viewer payloads only where the fixed contract permits them",
          "status": "passed",
          "title": "accepts nullable viewer payloads only where the fixed contract permits them",
          "duration": 124.84570000000008,
          "failureMessages": [],
          "meta": {}
        },
        {
          "ancestorTitles": [
            "science tool output schemas"
          ],
          "fullName": "science tool output schemas accepts the actual diagnostic-shaped result from every fixed operation",
          "status": "passed",
          "title": "accepts the actual diagnostic-shaped result from every fixed operation",
          "duration": 180.48569999999995,
          "failureMessages": [],
          "meta": {}
        },
        {
          "ancestorTitles": [
            "science tool output schemas"
          ],
          "fullName": "science tool output schemas accepts representative successful and diagnostic runtime values without affecting presentation",
          "status": "passed",
          "title": "accepts representative successful and diagnostic runtime values without affecting presentation",
          "duration": 125.08579999999984,
          "failureMessages": [],
          "meta": {}
        }
      ],
      "startTime": 1788132067801,
      "endTime": 1788132069180.0857,
      "status": "passed",
      "message": "",
      "name": "<repo>/tests/science-output-schema.test.ts"
    },
    {
      "assertionResults": [
        {
          "ancestorTitles": [
            "LocalSlideCanvas"
          ],
          "fullName": "LocalSlideCanvas redraws its backing buffer when the workspace changes size",
          "status": "passed",
          "title": "redraws its backing buffer when the workspace changes size",
          "duration": 76.02539999999999,
          "failureMessages": [],
          "meta": {}
        },
        {
          "ancestorTitles": [
            "LocalSlideCanvas"
          ],
          "fullName": "LocalSlideCanvas keeps ROI interaction in base-slide coordinates",
          "status": "passed",
          "title": "keeps ROI interaction in base-slide coordinates",
          "duration": 14.451099999999997,
          "failureMessages": [],
          "meta": {}
        },
        {
          "ancestorTitles": [
            "LocalSlideCanvas"
          ],
          "fullName": "LocalSlideCanvas keeps the tile path keyboard-operable and reports its viewport",
          "status": "passed",
          "title": "keeps the tile path keyboard-operable and reports its viewport",
          "duration": 14.59719999999993,
          "failureMessages": [],
          "meta": {}
        },
        {
          "ancestorTitles": [
            "LocalSlideCanvas"
          ],
          "fullName": "LocalSlideCanvas creates a slide region with keyboard controls",
          "status": "passed",
          "title": "creates a slide region with keyboard controls",
          "duration": 9.672599999999875,
          "failureMessages": [],
          "meta": {}
        },
        {
          "ancestorTitles": [
            "LocalSlideCanvas"
          ],
          "fullName": "LocalSlideCanvas ignores an old Image load after a newer source tile replaces it",
          "status": "passed",
          "title": "ignores an old Image load after a newer source tile replaces it",
          "duration": 6.342100000000073,
          "failureMessages": [],
          "meta": {}
        }
      ],
      "startTime": 1788132078317,
      "endTime": 1788132078438.342,
      "status": "passed",
      "message": "",
      "name": "<repo>/tests/science-slide-canvas.test.tsx"
    },
    {
      "assertionResults": [
        {
          "ancestorTitles": [
            "SlideService fixed-contract parity"
          ],
[...]
          "status": "passed",
          "title": "structure.measure has a real local result or its exact diagnostic",
          "duration": 26.8137999999999,
          "failureMessages": [],
          "meta": {}
        },
        {
          "ancestorTitles": [
            "StructureService 41-operation implementation matrix"
          ],
          "fullName": "StructureService 41-operation implementation matrix structure.open_from_chat has a real local result or its exact diagnostic",
          "status": "passed",
          "title": "structure.open_from_chat has a real local result or its exact diagnostic",
          "duration": 24.741799999999785,
          "failureMessages": [],
          "meta": {}
        },
        {
          "ancestorTitles": [
            "StructureService 41-operation implementation matrix"
          ],
          "fullName": "StructureService 41-operation implementation matrix structure.pymol_action has a real local result or its exact diagnostic",
          "status": "passed",
          "title": "structure.pymol_action has a real local result or its exact diagnostic",
          "duration": 15.083099999999831,
          "failureMessages": [],
          "meta": {}
        },
        {
          "ancestorTitles": [
            "StructureService 41-operation implementation matrix"
          ],
          "fullName": "StructureService 41-operation implementation matrix structure.pymol_actions has a real local result or its exact diagnostic",
          "status": "passed",
          "title": "structure.pymol_actions has a real local result or its exact diagnostic",
          "duration": 14.91740000000027,
          "failureMessages": [],
          "meta": {}
        },
        {
          "ancestorTitles": [
            "StructureService 41-operation implementation matrix"
          ],
          "fullName": "StructureService 41-operation implementation matrix structure.quality_assessment has a real local result or its exact diagnostic",
          "status": "passed",
          "title": "structure.quality_assessment has a real local result or its exact diagnostic",
          "duration": 26.3158999999996,
          "failureMessages": [],
          "meta": {}
        },
        {
          "ancestorTitles": [
            "StructureService 41-operation implementation matrix"
          ],
          "fullName": "StructureService 41-operation implementation matrix structure.query has a real local result or its exact diagnostic",
          "status": "passed",
          "title": "structure.query has a real local result or its exact diagnostic",
          "duration": 17.319300000000112,
          "failureMessages": [],
          "meta": {}
        },
        {
          "ancestorTitles": [
            "StructureService 41-operation implementation matrix"
          ],
          "fullName": "StructureService 41-operation implementation matrix structure.redo has a real local result or its exact diagnostic",
          "status": "passed",
          "title": "structure.redo has a real local result or its exact diagnostic",
          "duration": 89.1943999999994,
          "failureMessages": [],
          "meta": {}
        },
        {
          "ancestorTitles": [
            "StructureService 41-operation implementation matrix"
          ],
          "fullName": "StructureService 41-operation implementation matrix structure.remove_structure has a real local result or its exact diagnostic",
          "status": "passed",
          "title": "structure.remove_structure has a real local result or its exact diagnostic",
          "duration": 18.853000000000065,
          "failureMessages": [],
          "meta": {}
        },
        {
          "ancestorTitles": [
            "StructureService 41-operation implementation matrix"
          ],
          "fullName": "StructureService 41-operation implementation matrix structure.render_image has a real local result or its exact diagnostic",
          "status": "passed",
          "title": "structure.render_image has a real local result or its exact diagnostic",
          "duration": 55.44709999999941,
          "failureMessages": [],
          "meta": {}
        },
        {
          "ancestorTitles": [
            "StructureService 41-operation implementation matrix"
          ],
          "fullName": "StructureService 41-operation implementation matrix structure.render_movie has a real local result or its exact diagnostic",
          "status": "passed",
          "title": "structure.render_movie has a real local result or its exact diagnostic",
          "duration": 382.47879999999986,
          "failureMessages": [],
          "meta": {}
        },
        {
          "ancestorTitles": [
            "StructureService 41-operation implementation matrix"
          ],
          "fullName": "StructureService 41-operation implementation matrix structure.save_scene has a real local result or its exact diagnostic",
          "status": "passed",
          "title": "structure.save_scene has a real local result or its exact diagnostic",
          "duration": 16.334799999999632,
          "failureMessages": [],
          "meta": {}
        },
        {
          "ancestorTitles": [
            "StructureService 41-operation implementation matrix"
          ],
          "fullName": "StructureService 41-operation implementation matrix structure.search_motif has a real local result or its exact diagnostic",
          "status": "passed",
          "title": "structure.search_motif has a real local result or its exact diagnostic",
          "duration": 17.314000000000306,
          "failureMessages": [],
          "meta": {}
        },
        {
          "ancestorTitles": [
            "StructureService 41-operation implementation matrix"
          ],
          "fullName": "StructureService 41-operation implementation matrix structure.set_assembly_symmetry has a real local result or its exact diagnostic",
          "status": "passed",
          "title": "structure.set_assembly_symmetry has a real local result or its exact diagnostic",
          "duration": 21.252700000000004,
          "failureMessages": [],
          "meta": {}
        },
        {
          "ancestorTitles": [
            "StructureService 41-operation implementation matrix"
          ],
          "fullName": "StructureService 41-operation implementation matrix structure.set_object_visibility has a real local result or its exact diagnostic",
          "status": "passed",
          "title": "structure.set_object_visibility has a real local result or its exact diagnostic",
          "duration": 18.19839999999931,
          "failureMessages": [],
          "meta": {}
        },
        {
          "ancestorTitles": [
            "StructureService 41-operation implementation matrix"
          ],
          "fullName": "StructureService 41-operation implementation matrix structure.set_quality_assessment has a real local result or its exact diagnostic",
          "status": "passed",
          "title": "structure.set_quality_assessment has a real local result or its exact diagnostic",
          "duration": 12.547599999999875,
          "failureMessages": [],
          "meta": {}
        },
        {
          "ancestorTitles": [
            "StructureService 41-operation implementation matrix"
          ],
          "fullName": "StructureService 41-operation implementation matrix structure.set_selection has a real local result or its exact diagnostic",
          "status": "passed",
          "title": "structure.set_selection has a real local result or its exact diagnostic",
          "duration": 11.252300000000105,
          "failureMessages": [],
          "meta": {}
        },
        {
          "ancestorTitles": [
            "StructureService 41-operation implementation matrix"
          ],
          "fullName": "StructureService 41-operation implementation matrix structure.set_trajectory_state has a real local result or its exact diagnostic",
          "status": "passed",
          "title": "structure.set_trajectory_state has a real local result or its exact diagnostic",
          "duration": 30.996099999999387,
          "failureMessages": [],
          "meta": {}
        },
        {
          "ancestorTitles": [
            "StructureService 41-operation implementation matrix"
          ],
          "fullName": "StructureService 41-operation implementation matrix structure.transform_object has a real local result or its exact diagnostic",
          "status": "passed",
          "title": "structure.transform_object has a real local result or its exact diagnostic",
          "duration": 11.65270000000055,
          "failureMessages": [],
          "meta": {}
        },
        {
          "ancestorTitles": [
            "StructureService 41-operation implementation matrix"
          ],
          "fullName": "StructureService 41-operation implementation matrix structure.undo has a real local result or its exact diagnostic",
          "status": "passed",
          "title": "structure.undo has a real local result or its exact diagnostic",
          "duration": 48.83179999999993,
          "failureMessages": [],
          "meta": {}
        },
        {
          "ancestorTitles": [
            "StructureService 41-operation implementation matrix"
          ],
          "fullName": "StructureService 41-operation implementation matrix structure.validate_render has a real local result or its exact diagnostic",
          "status": "passed",
          "title": "structure.validate_render has a real local result or its exact diagnostic",
          "duration": 15.397500000000036,
          "failureMessages": [],
          "meta": {}
        },
        {
          "ancestorTitles": [
            "StructureService contract semantics"
          ],
          "fullName": "StructureService contract semantics uses expression, level, kind, targets, selections, and anyOf literally",
          "status": "passed",
          "title": "uses expression, level, kind, targets, selections, and anyOf literally",
          "duration": 40.2491,
          "failureMessages": [],
          "meta": {}
        },
        {
          "ancestorTitles": [
            "StructureService contract semantics"
          ],
          "fullName": "StructureService contract semantics reads local PDB biological-assembly metadata only for the matching RCSB fixture",
          "status": "passed",
          "title": "reads local PDB biological-assembly metadata only for the matching RCSB fixture",
          "duration": 10.062200000000303,
          "failureMessages": [],
          "meta": {}
        },
        {
          "ancestorTitles": [
            "StructureService contract semantics"
          ],
          "fullName": "StructureService contract semantics loads a secondary local coordinate fixture through load_data without treating it as density or trajectory data",
          "status": "passed",
          "title": "loads a secondary local coordinate fixture through load_data without treating it as density or trajectory data",
          "duration": 12.682200000000194,
          "failureMessages": [],
          "meta": {}
        },
        {
          "ancestorTitles": [
            "StructureService contract semantics"
          ],
          "fullName": "StructureService contract semantics browses only opaque tokens for files beside the active local source",
          "status": "passed",
          "title": "browses only opaque tokens for files beside the active local source",
          "duration": 8.167899999999463,
          "failureMessages": [],
          "meta": {}
        },
        {
          "ancestorTitles": [
            "StructureService contract semantics"
          ],
          "fullName": "StructureService contract semantics enforces session, revision, atomic, dry-run, and overwrite controls",
          "status": "passed",
          "title": "enforces session, revision, atomic, dry-run, and overwrite controls",
          "duration": 10.445299999999406,
          "failureMessages": [],
          "meta": {}
        },
        {
          "ancestorTitles": [
            "StructureService contract semantics"
          ],
          "fullName": "StructureService contract semantics computes and applies a coordinate-derived CA Kabsch alignment",
          "status": "passed",
          "title": "computes and applies a coordinate-derived CA Kabsch alignment",
          "duration": 14.914200000000164,
          "failureMessages": [],
          "meta": {}
        },
        {
          "ancestorTitles": [
            "StructureService contract semantics"
          ],
          "fullName": "StructureService contract semantics derives a new object without changing its source",
          "status": "passed",
          "title": "derives a new object without changing its source",
          "duration": 15.427400000000489,
          "failureMessages": [],
          "meta": {}
        },
        {
          "ancestorTitles": [
            "StructureService contract semantics"
          ],
          "fullName": "StructureService contract semantics applies affine coordinates and restores them through undo and redo",
          "status": "passed",
          "title": "applies affine coordinates and restores them through undo and redo",
          "duration": 29.200300000000425,
          "failureMessages": [],
          "meta": {}
        },
        {
          "ancestorTitles": [
            "StructureService contract semantics"
          ],
          "fullName": "StructureService contract semantics creates, updates, and removes coordinate-derived guides with revision checks",
          "status": "passed",
          "title": "creates, updates, and removes coordinate-derived guides with revision checks",
          "duration": 9.058199999999488,
          "failureMessages": [],
          "meta": {}
        },
        {
          "ancestorTitles": [
            "StructureService contract semantics"
          ],
          "fullName": "StructureService contract semantics exposes local direct actions and reports genuine embedded B-factor data without treating it as pLDDT",
          "status": "passed",
          "title": "exposes local direct actions and reports genuine embedded B-factor data without treating it as pLDDT",
          "duration": 9.233999999999469,
          "failureMessages": [],
          "meta": {}
        },
        {
          "ancestorTitles": [
            "StructureService contract semantics"
          ],
          "fullName": "StructureService contract semantics rejects an aborted movie render without leaving generated output behind",
          "status": "passed",
          "title": "rejects an aborted movie render without leaving generated output behind",
          "duration": 12.910900000000765,
          "failureMessages": [],
          "meta": {}
        },
        {
          "ancestorTitles": [
            "StructureService contract semantics"
          ],
          "fullName": "StructureService contract semantics cancels ffmpeg after asynchronous movie encoding has started",
          "status": "passed",
          "title": "cancels ffmpeg after asynchronous movie encoding has started",
          "duration": 708.9471000000003,
          "failureMessages": [],
          "meta": {}
        }
      ],
      "startTime": 1788132064291,
      "endTime": 1788132066603.947,
      "status": "passed",
      "message": "",
      "name": "<repo>/tests/structure-operation-matrix.test.ts"
    },
    {
      "assertionResults": [
        {
          "ancestorTitles": [
            "StructureService local raster and scientific analyses"
          ],
          "fullName": "StructureService local raster and scientific analyses renders GFP coordinates to a real PNG and retains a reproducible rendering record",
          "status": "passed",
          "title": "renders GFP coordinates to a real PNG and retains a reproducible rendering record",
          "duration": 39.654499999999985,
          "failureMessages": [],
          "meta": {}
        },
        {
          "ancestorTitles": [
            "StructureService local raster and scientific analyses"
          ],
          "fullName": "StructureService local raster and scientific analyses rejects unsupported asynchronous image rendering without writing an artifact",
          "status": "passed",
          "title": "rejects unsupported asynchronous image rendering without writing an artifact",
          "duration": 9.550200000000018,
          "failureMessages": [],
          "meta": {}
        },
        {
          "ancestorTitles": [
            "StructureService local raster and scientific analyses"
          ],
          "fullName": "StructureService local raster and scientific analyses calculates retained MDM2-p53 contacts plus local clashes and hydrogen-bond candidates",
          "status": "passed",
          "title": "calculates retained MDM2-p53 contacts plus local clashes and hydrogen-bond candidates",
          "duration": 29.810600000000022,
          "failureMessages": [],
          "meta": {}
        },
        {
          "ancestorTitles": [
            "StructureService local raster and scientific analyses"
          ],
          "fullName": "StructureService local raster and scientific analyses exports a selection as parseable PDB and reports unavailable binary geometry precisely",
          "status": "passed",
          "title": "exports a selection as parseable PDB and reports unavailable binary geometry precisely",
          "duration": 19.66999999999996,
          "failureMessages": [],
          "meta": {}
        }
      ],
      "startTime": 1788132075677,
      "endTime": 1788132075775.67,
      "status": "passed",
      "message": "",
      "name": "<repo>/tests/structure-runtime.test.ts"
    },
    {
      "assertionResults": [
        {
          "ancestorTitles": [
            "Structure tools through the strict DSH ToolRuntime contract"
          ],
          "fullName": "Structure tools through the strict DSH ToolRuntime contract opens, queries, and renders GFP without INVALID_TOOL_OUTPUT",
          "status": "passed",
          "title": "opens, queries, and renders GFP without INVALID_TOOL_OUTPUT",
          "duration": 312.29089999999997,
          "failureMessages": [],
          "meta": {}
        },
        {
          "ancestorTitles": [
            "Structure tools through the strict DSH ToolRuntime contract"
          ],
          "fullName": "Structure tools through the strict DSH ToolRuntime contract executes the eight formerly diagnostic structure operations through ToolRuntime",
          "status": "passed",
          "title": "executes the eight formerly diagnostic structure operations through ToolRuntime",
          "duration": 644.4072,
          "failureMessages": [],
          "meta": {}
        }
      ],
      "startTime": 1788132069954,
      "endTime": 1788132070910.4072,
      "status": "passed",
      "message": "",
      "name": "<repo>/tests/structure-toolruntime.test.ts"
    },
    {
      "assertionResults": [
        {
          "ancestorTitles": [
            "independent NGS and Rosalind Cordis modules"
          ],
          "fullName": "independent NGS and Rosalind Cordis modules keeps Rosalind history readable while NGS is disabled and restores new NGS calls after re-enabling",
          "status": "passed",
          "title": "keeps Rosalind history readable while NGS is disabled and restores new NGS calls after re-enabling",
          "duration": 332.43129999999996,
          "failureMessages": [],
          "meta": {}
        }
      ],
      "startTime": 1788132074989,
      "endTime": 1788132075321.4314,
      "status": "passed",
      "message": "",
      "name": "<repo>/tests/workflow-modules.test.ts"
    }
  ]
}
